{"/home/agala/Corso Informatica/ProgettoSWE/twitter-client/src/App.js": {"path":"/home/agala/Corso Informatica/ProgettoSWE/twitter-client/src/App.js","statementMap":{"0":{"start":{"line":16,"column":4},"end":{"line":50,"column":6}}},"fnMap":{"0":{"name":"App","decl":{"start":{"line":15,"column":9},"end":{"line":15,"column":12}},"loc":{"start":{"line":15,"column":15},"end":{"line":51,"column":1}},"line":15}},"branchMap":{},"s":{"0":0},"f":{"0":0},"b":{}}
,"/home/agala/Corso Informatica/ProgettoSWE/twitter-client/src/index.js": {"path":"/home/agala/Corso Informatica/ProgettoSWE/twitter-client/src/index.js","statementMap":{"0":{"start":{"line":12,"column":0},"end":{"line":23,"column":2}}},"fnMap":{},"branchMap":{},"s":{"0":0},"f":{},"b":{}}
,"/home/agala/Corso Informatica/ProgettoSWE/twitter-client/src/store.js": {"path":"/home/agala/Corso Informatica/ProgettoSWE/twitter-client/src/store.js","statementMap":{"0":{"start":{"line":7,"column":21},"end":{"line":7,"column":23}},"1":{"start":{"line":11,"column":19},"end":{"line":11,"column":26}},"2":{"start":{"line":13,"column":22},"end":{"line":17,"column":1}},"3":{"start":{"line":19,"column":25},"end":{"line":19,"column":67}},"4":{"start":{"line":21,"column":21},"end":{"line":29,"column":1}},"5":{"start":{"line":31,"column":25},"end":{"line":31,"column":44}}},"fnMap":{},"branchMap":{"0":{"loc":{"start":{"line":27,"column":4},"end":{"line":27,"column":80}},"type":"binary-expr","locations":[{"start":{"line":27,"column":4},"end":{"line":27,"column":39}},{"start":{"line":27,"column":43},"end":{"line":27,"column":80}}],"line":27}},"s":{"0":0,"1":0,"2":0,"3":0,"4":0,"5":0},"f":{},"b":{"0":[0,0]}}
,"/home/agala/Corso Informatica/ProgettoSWE/twitter-client/src/Actions/Types.js": {"path":"/home/agala/Corso Informatica/ProgettoSWE/twitter-client/src/Actions/Types.js","statementMap":{"0":{"start":{"line":1,"column":28},"end":{"line":1,"column":42}},"1":{"start":{"line":4,"column":29},"end":{"line":4,"column":44}},"2":{"start":{"line":5,"column":29},"end":{"line":5,"column":44}},"3":{"start":{"line":6,"column":26},"end":{"line":6,"column":38}},"4":{"start":{"line":7,"column":29},"end":{"line":7,"column":44}},"5":{"start":{"line":8,"column":28},"end":{"line":8,"column":42}},"6":{"start":{"line":12,"column":29},"end":{"line":12,"column":44}},"7":{"start":{"line":13,"column":31},"end":{"line":13,"column":48}},"8":{"start":{"line":14,"column":33},"end":{"line":14,"column":52}},"9":{"start":{"line":15,"column":38},"end":{"line":15,"column":62}},"10":{"start":{"line":16,"column":30},"end":{"line":16,"column":46}},"11":{"start":{"line":17,"column":35},"end":{"line":17,"column":56}},"12":{"start":{"line":18,"column":32},"end":{"line":18,"column":50}},"13":{"start":{"line":19,"column":33},"end":{"line":19,"column":52}},"14":{"start":{"line":20,"column":34},"end":{"line":20,"column":54}}},"fnMap":{},"branchMap":{},"s":{"0":0,"1":0,"2":0,"3":0,"4":0,"5":0,"6":0,"7":0,"8":0,"9":0,"10":0,"11":0,"12":0,"13":0,"14":0},"f":{},"b":{}}
,"/home/agala/Corso Informatica/ProgettoSWE/twitter-client/src/Actions/tweetActions.js": {"path":"/home/agala/Corso Informatica/ProgettoSWE/twitter-client/src/Actions/tweetActions.js","statementMap":{"0":{"start":{"line":4,"column":31},"end":{"line":60,"column":1}},"1":{"start":{"line":4,"column":53},"end":{"line":60,"column":1}},"2":{"start":{"line":6,"column":4},"end":{"line":6,"column":51}},"3":{"start":{"line":8,"column":4},"end":{"line":59,"column":5}},"4":{"start":{"line":9,"column":25},"end":{"line":13,"column":9}},"5":{"start":{"line":15,"column":28},"end":{"line":15,"column":37}},"6":{"start":{"line":19,"column":8},"end":{"line":38,"column":11}},"7":{"start":{"line":20,"column":12},"end":{"line":37,"column":13}},"8":{"start":{"line":21,"column":28},"end":{"line":24,"column":28}},"9":{"start":{"line":26,"column":16},"end":{"line":36,"column":17}},"10":{"start":{"line":27,"column":20},"end":{"line":30,"column":23}},"11":{"start":{"line":32,"column":20},"end":{"line":35,"column":23}},"12":{"start":{"line":41,"column":8},"end":{"line":50,"column":11}},"13":{"start":{"line":52,"column":8},"end":{"line":52,"column":33}},"14":{"start":{"line":54,"column":8},"end":{"line":54,"column":47}},"15":{"start":{"line":55,"column":8},"end":{"line":57,"column":11}},"16":{"start":{"line":58,"column":8},"end":{"line":58,"column":32}}},"fnMap":{"0":{"name":"(anonymous_0)","decl":{"start":{"line":4,"column":31},"end":{"line":4,"column":32}},"loc":{"start":{"line":4,"column":53},"end":{"line":60,"column":1}},"line":4},"1":{"name":"(anonymous_1)","decl":{"start":{"line":4,"column":53},"end":{"line":4,"column":54}},"loc":{"start":{"line":4,"column":73},"end":{"line":60,"column":1}},"line":4},"2":{"name":"(anonymous_2)","decl":{"start":{"line":19,"column":31},"end":{"line":19,"column":32}},"loc":{"start":{"line":19,"column":45},"end":{"line":38,"column":9}},"line":19}},"branchMap":{"0":{"loc":{"start":{"line":20,"column":12},"end":{"line":37,"column":13}},"type":"if","locations":[{"start":{"line":20,"column":12},"end":{"line":37,"column":13}},{"start":{},"end":{}}],"line":20},"1":{"loc":{"start":{"line":26,"column":16},"end":{"line":36,"column":17}},"type":"if","locations":[{"start":{"line":26,"column":16},"end":{"line":36,"column":17}},{"start":{"line":31,"column":23},"end":{"line":36,"column":17}}],"line":26},"2":{"loc":{"start":{"line":44,"column":26},"end":{"line":44,"column":45}},"type":"binary-expr","locations":[{"start":{"line":44,"column":26},"end":{"line":44,"column":39}},{"start":{"line":44,"column":43},"end":{"line":44,"column":45}}],"line":44}},"s":{"0":0,"1":0,"2":0,"3":0,"4":0,"5":0,"6":0,"7":0,"8":0,"9":0,"10":0,"11":0,"12":0,"13":0,"14":0,"15":0,"16":0},"f":{"0":0,"1":0,"2":0},"b":{"0":[0,0],"1":[0,0],"2":[0,0]}}
,"/home/agala/Corso Informatica/ProgettoSWE/twitter-client/src/Components/ChangeView.js": {"path":"/home/agala/Corso Informatica/ProgettoSWE/twitter-client/src/Components/ChangeView.js","statementMap":{"0":{"start":{"line":5,"column":16},"end":{"line":5,"column":24}},"1":{"start":{"line":6,"column":4},"end":{"line":6,"column":57}},"2":{"start":{"line":6,"column":20},"end":{"line":6,"column":45}},"3":{"start":{"line":7,"column":4},"end":{"line":7,"column":16}}},"fnMap":{"0":{"name":"ChangeView","decl":{"start":{"line":4,"column":9},"end":{"line":4,"column":19}},"loc":{"start":{"line":4,"column":37},"end":{"line":8,"column":3}},"line":4},"1":{"name":"(anonymous_1)","decl":{"start":{"line":6,"column":14},"end":{"line":6,"column":15}},"loc":{"start":{"line":6,"column":20},"end":{"line":6,"column":45}},"line":6}},"branchMap":{},"s":{"0":0,"1":0,"2":0,"3":0},"f":{"0":0,"1":0},"b":{}}
,"/home/agala/Corso Informatica/ProgettoSWE/twitter-client/src/Components/Cloud.js": {"path":"/home/agala/Corso Informatica/ProgettoSWE/twitter-client/src/Components/Cloud.js","statementMap":{"0":{"start":{"line":13,"column":16},"end":{"line":26,"column":1}},"1":{"start":{"line":31,"column":14},"end":{"line":75,"column":1}},"2":{"start":{"line":33,"column":30},"end":{"line":33,"column":42}},"3":{"start":{"line":34,"column":20},"end":{"line":34,"column":32}},"4":{"start":{"line":35,"column":22},"end":{"line":35,"column":26}},"5":{"start":{"line":38,"column":8},"end":{"line":39,"column":68}},"6":{"start":{"line":38,"column":27},"end":{"line":38,"column":47}},"7":{"start":{"line":39,"column":14},"end":{"line":39,"column":67}},"8":{"start":{"line":41,"column":8},"end":{"line":41,"column":58}},"9":{"start":{"line":42,"column":8},"end":{"line":42,"column":28}},"10":{"start":{"line":43,"column":8},"end":{"line":43,"column":22}},"11":{"start":{"line":46,"column":22},"end":{"line":49,"column":5}},"12":{"start":{"line":47,"column":32},"end":{"line":47,"column":55}},"13":{"start":{"line":48,"column":32},"end":{"line":48,"column":62}},"14":{"start":{"line":51,"column":4},"end":{"line":64,"column":11}},"15":{"start":{"line":52,"column":8},"end":{"line":63,"column":9}},"16":{"start":{"line":53,"column":23},"end":{"line":53,"column":25}},"17":{"start":{"line":55,"column":12},"end":{"line":60,"column":13}},"18":{"start":{"line":56,"column":16},"end":{"line":59,"column":19}},"19":{"start":{"line":62,"column":12},"end":{"line":62,"column":27}},"20":{"start":{"line":66,"column":4},"end":{"line":74,"column":6}}},"fnMap":{"0":{"name":"(anonymous_0)","decl":{"start":{"line":31,"column":14},"end":{"line":31,"column":15}},"loc":{"start":{"line":31,"column":33},"end":{"line":75,"column":1}},"line":31},"1":{"name":"handleClick","decl":{"start":{"line":37,"column":13},"end":{"line":37,"column":24}},"loc":{"start":{"line":37,"column":31},"end":{"line":44,"column":5}},"line":37},"2":{"name":"(anonymous_2)","decl":{"start":{"line":47,"column":21},"end":{"line":47,"column":22}},"loc":{"start":{"line":47,"column":29},"end":{"line":47,"column":58}},"line":47},"3":{"name":"(anonymous_3)","decl":{"start":{"line":48,"column":24},"end":{"line":48,"column":25}},"loc":{"start":{"line":48,"column":32},"end":{"line":48,"column":62}},"line":48},"4":{"name":"(anonymous_4)","decl":{"start":{"line":51,"column":14},"end":{"line":51,"column":15}},"loc":{"start":{"line":51,"column":20},"end":{"line":64,"column":5}},"line":51}},"branchMap":{"0":{"loc":{"start":{"line":38,"column":8},"end":{"line":39,"column":68}},"type":"if","locations":[{"start":{"line":38,"column":8},"end":{"line":39,"column":68}},{"start":{"line":39,"column":13},"end":{"line":39,"column":68}}],"line":38},"1":{"loc":{"start":{"line":52,"column":8},"end":{"line":63,"column":9}},"type":"if","locations":[{"start":{"line":52,"column":8},"end":{"line":63,"column":9}},{"start":{},"end":{}}],"line":52}},"s":{"0":0,"1":0,"2":0,"3":0,"4":0,"5":0,"6":0,"7":0,"8":0,"9":0,"10":0,"11":0,"12":0,"13":0,"14":0,"15":0,"16":0,"17":0,"18":0,"19":0,"20":0},"f":{"0":0,"1":0,"2":0,"3":0,"4":0},"b":{"0":[0,0],"1":[0,0]}}
,"/home/agala/Corso Informatica/ProgettoSWE/twitter-client/src/Components/FilterTab.js": {"path":"/home/agala/Corso Informatica/ProgettoSWE/twitter-client/src/Components/FilterTab.js","statementMap":{"0":{"start":{"line":10,"column":36},"end":{"line":10,"column":42}},"1":{"start":{"line":11,"column":19},"end":{"line":11,"column":25}},"2":{"start":{"line":13,"column":15},"end":{"line":26,"column":1}},"3":{"start":{"line":14,"column":53},"end":{"line":14,"column":58}},"4":{"start":{"line":15,"column":4},"end":{"line":25,"column":6}},"5":{"start":{"line":28,"column":18},"end":{"line":568,"column":1}},"6":{"start":{"line":30,"column":17},"end":{"line":30,"column":58}},"7":{"start":{"line":30,"column":40},"end":{"line":30,"column":57}},"8":{"start":{"line":31,"column":21},"end":{"line":31,"column":34}},"9":{"start":{"line":43,"column":8},"end":{"line":43,"column":51}},"10":{"start":{"line":43,"column":31},"end":{"line":43,"column":50}},"11":{"start":{"line":45,"column":34},"end":{"line":45,"column":48}},"12":{"start":{"line":46,"column":38},"end":{"line":46,"column":53}},"13":{"start":{"line":48,"column":4},"end":{"line":58,"column":22}},"14":{"start":{"line":49,"column":8},"end":{"line":57,"column":9}},"15":{"start":{"line":50,"column":26},"end":{"line":52,"column":47}},"16":{"start":{"line":53,"column":12},"end":{"line":56,"column":13}},"17":{"start":{"line":53,"column":25},"end":{"line":53,"column":26}},"18":{"start":{"line":54,"column":31},"end":{"line":54,"column":41}},"19":{"start":{"line":55,"column":16},"end":{"line":55,"column":62}},"20":{"start":{"line":61,"column":4},"end":{"line":80,"column":19}},"21":{"start":{"line":62,"column":27},"end":{"line":78,"column":9}},"22":{"start":{"line":63,"column":12},"end":{"line":77,"column":13}},"23":{"start":{"line":64,"column":16},"end":{"line":64,"column":35}},"24":{"start":{"line":65,"column":33},"end":{"line":67,"column":17}},"25":{"start":{"line":68,"column":16},"end":{"line":73,"column":19}},"26":{"start":{"line":74,"column":16},"end":{"line":74,"column":36}},"27":{"start":{"line":76,"column":16},"end":{"line":76,"column":36}},"28":{"start":{"line":79,"column":8},"end":{"line":79,"column":21}},"29":{"start":{"line":82,"column":25},"end":{"line":100,"column":5}},"30":{"start":{"line":83,"column":8},"end":{"line":99,"column":9}},"31":{"start":{"line":85,"column":12},"end":{"line":90,"column":15}},"32":{"start":{"line":93,"column":12},"end":{"line":98,"column":15}},"33":{"start":{"line":117,"column":4},"end":{"line":567,"column":6}},"34":{"start":{"line":186,"column":52},"end":{"line":191,"column":55}},"35":{"start":{"line":192,"column":52},"end":{"line":197,"column":55}},"36":{"start":{"line":279,"column":40},"end":{"line":292,"column":42}},"37":{"start":{"line":322,"column":40},"end":{"line":335,"column":42}},"38":{"start":{"line":392,"column":36},"end":{"line":395,"column":38}},"39":{"start":{"line":440,"column":36},"end":{"line":443,"column":38}},"40":{"start":{"line":464,"column":36},"end":{"line":467,"column":38}},"41":{"start":{"line":513,"column":36},"end":{"line":516,"column":38}},"42":{"start":{"line":534,"column":36},"end":{"line":537,"column":38}},"43":{"start":{"line":554,"column":32},"end":{"line":557,"column":34}}},"fnMap":{"0":{"name":"(anonymous_0)","decl":{"start":{"line":13,"column":15},"end":{"line":13,"column":16}},"loc":{"start":{"line":13,"column":26},"end":{"line":26,"column":1}},"line":13},"1":{"name":"(anonymous_1)","decl":{"start":{"line":28,"column":18},"end":{"line":28,"column":19}},"loc":{"start":{"line":28,"column":29},"end":{"line":568,"column":1}},"line":28},"2":{"name":"(anonymous_2)","decl":{"start":{"line":30,"column":29},"end":{"line":30,"column":30}},"loc":{"start":{"line":30,"column":40},"end":{"line":30,"column":57}},"line":30},"3":{"name":"(anonymous_3)","decl":{"start":{"line":43,"column":20},"end":{"line":43,"column":21}},"loc":{"start":{"line":43,"column":31},"end":{"line":43,"column":50}},"line":43},"4":{"name":"(anonymous_4)","decl":{"start":{"line":48,"column":14},"end":{"line":48,"column":15}},"loc":{"start":{"line":48,"column":20},"end":{"line":58,"column":5}},"line":48},"5":{"name":"(anonymous_5)","decl":{"start":{"line":61,"column":14},"end":{"line":61,"column":15}},"loc":{"start":{"line":61,"column":20},"end":{"line":80,"column":5}},"line":61},"6":{"name":"(anonymous_6)","decl":{"start":{"line":62,"column":27},"end":{"line":62,"column":28}},"loc":{"start":{"line":62,"column":39},"end":{"line":78,"column":9}},"line":62},"7":{"name":"(anonymous_7)","decl":{"start":{"line":82,"column":25},"end":{"line":82,"column":26}},"loc":{"start":{"line":82,"column":36},"end":{"line":100,"column":5}},"line":82},"8":{"name":"(anonymous_8)","decl":{"start":{"line":185,"column":48},"end":{"line":185,"column":49}},"loc":{"start":{"line":185,"column":54},"end":{"line":198,"column":49}},"line":185},"9":{"name":"(anonymous_9)","decl":{"start":{"line":278,"column":36},"end":{"line":278,"column":37}},"loc":{"start":{"line":279,"column":40},"end":{"line":292,"column":42}},"line":279},"10":{"name":"(anonymous_10)","decl":{"start":{"line":321,"column":36},"end":{"line":321,"column":37}},"loc":{"start":{"line":322,"column":40},"end":{"line":335,"column":42}},"line":322},"11":{"name":"(anonymous_11)","decl":{"start":{"line":391,"column":42},"end":{"line":391,"column":43}},"loc":{"start":{"line":392,"column":36},"end":{"line":395,"column":38}},"line":392},"12":{"name":"(anonymous_12)","decl":{"start":{"line":439,"column":42},"end":{"line":439,"column":43}},"loc":{"start":{"line":440,"column":36},"end":{"line":443,"column":38}},"line":440},"13":{"name":"(anonymous_13)","decl":{"start":{"line":463,"column":42},"end":{"line":463,"column":43}},"loc":{"start":{"line":464,"column":36},"end":{"line":467,"column":38}},"line":464},"14":{"name":"(anonymous_14)","decl":{"start":{"line":512,"column":42},"end":{"line":512,"column":43}},"loc":{"start":{"line":513,"column":36},"end":{"line":516,"column":38}},"line":513},"15":{"name":"(anonymous_15)","decl":{"start":{"line":533,"column":42},"end":{"line":533,"column":43}},"loc":{"start":{"line":534,"column":36},"end":{"line":537,"column":38}},"line":534},"16":{"name":"(anonymous_16)","decl":{"start":{"line":553,"column":37},"end":{"line":553,"column":38}},"loc":{"start":{"line":554,"column":32},"end":{"line":557,"column":34}},"line":554}},"branchMap":{"0":{"loc":{"start":{"line":18,"column":21},"end":{"line":18,"column":51}},"type":"cond-expr","locations":[{"start":{"line":18,"column":33},"end":{"line":18,"column":45}},{"start":{"line":18,"column":48},"end":{"line":18,"column":51}}],"line":18},"1":{"loc":{"start":{"line":49,"column":8},"end":{"line":57,"column":9}},"type":"if","locations":[{"start":{"line":49,"column":8},"end":{"line":57,"column":9}},{"start":{},"end":{}}],"line":49},"2":{"loc":{"start":{"line":69,"column":26},"end":{"line":69,"column":67}},"type":"binary-expr","locations":[{"start":{"line":69,"column":26},"end":{"line":69,"column":43}},{"start":{"line":69,"column":47},"end":{"line":69,"column":67}}],"line":69},"3":{"loc":{"start":{"line":70,"column":26},"end":{"line":70,"column":57}},"type":"binary-expr","locations":[{"start":{"line":70,"column":26},"end":{"line":70,"column":44}},{"start":{"line":70,"column":48},"end":{"line":70,"column":57}}],"line":70},"4":{"loc":{"start":{"line":83,"column":8},"end":{"line":99,"column":9}},"type":"if","locations":[{"start":{"line":83,"column":8},"end":{"line":99,"column":9}},{"start":{"line":91,"column":15},"end":{"line":99,"column":9}}],"line":83},"5":{"loc":{"start":{"line":130,"column":25},"end":{"line":207,"column":25}},"type":"binary-expr","locations":[{"start":{"line":130,"column":25},"end":{"line":130,"column":33}},{"start":{"line":131,"column":28},"end":{"line":206,"column":34}}],"line":130},"6":{"loc":{"start":{"line":137,"column":37},"end":{"line":179,"column":37}},"type":"cond-expr","locations":[{"start":{"line":138,"column":40},"end":{"line":156,"column":46}},{"start":{"line":158,"column":40},"end":{"line":178,"column":46}}],"line":137},"7":{"loc":{"start":{"line":139,"column":45},"end":{"line":143,"column":45}},"type":"binary-expr","locations":[{"start":{"line":139,"column":45},"end":{"line":139,"column":58}},{"start":{"line":140,"column":48},"end":{"line":142,"column":53}}],"line":139},"8":{"loc":{"start":{"line":145,"column":49},"end":{"line":147,"column":56}},"type":"cond-expr","locations":[{"start":{"line":146,"column":54},"end":{"line":146,"column":78}},{"start":{"line":147,"column":54},"end":{"line":147,"column":56}}],"line":145},"9":{"loc":{"start":{"line":148,"column":49},"end":{"line":150,"column":56}},"type":"cond-expr","locations":[{"start":{"line":149,"column":54},"end":{"line":149,"column":74}},{"start":{"line":150,"column":54},"end":{"line":150,"column":56}}],"line":148},"10":{"loc":{"start":{"line":208,"column":25},"end":{"line":217,"column":25}},"type":"binary-expr","locations":[{"start":{"line":208,"column":25},"end":{"line":208,"column":34}},{"start":{"line":209,"column":28},"end":{"line":216,"column":34}}],"line":208},"11":{"loc":{"start":{"line":218,"column":25},"end":{"line":236,"column":25}},"type":"binary-expr","locations":[{"start":{"line":218,"column":25},"end":{"line":218,"column":33}},{"start":{"line":219,"column":28},"end":{"line":235,"column":34}}],"line":218},"12":{"loc":{"start":{"line":231,"column":54},"end":{"line":231,"column":72}},"type":"binary-expr","locations":[{"start":{"line":231,"column":54},"end":{"line":231,"column":67}},{"start":{"line":231,"column":71},"end":{"line":231,"column":72}}],"line":231},"13":{"loc":{"start":{"line":271,"column":36},"end":{"line":273,"column":59}},"type":"cond-expr","locations":[{"start":{"line":272,"column":42},"end":{"line":272,"column":57}},{"start":{"line":273,"column":42},"end":{"line":273,"column":59}}],"line":271},"14":{"loc":{"start":{"line":314,"column":36},"end":{"line":316,"column":59}},"type":"cond-expr","locations":[{"start":{"line":315,"column":42},"end":{"line":315,"column":57}},{"start":{"line":316,"column":42},"end":{"line":316,"column":59}}],"line":314},"15":{"loc":{"start":{"line":477,"column":21},"end":{"line":500,"column":21}},"type":"binary-expr","locations":[{"start":{"line":477,"column":21},"end":{"line":477,"column":30}},{"start":{"line":478,"column":24},"end":{"line":499,"column":30}}],"line":477},"16":{"loc":{"start":{"line":526,"column":21},"end":{"line":549,"column":21}},"type":"binary-expr","locations":[{"start":{"line":526,"column":21},"end":{"line":526,"column":32}},{"start":{"line":527,"column":24},"end":{"line":548,"column":30}}],"line":526}},"s":{"0":0,"1":0,"2":0,"3":0,"4":0,"5":0,"6":0,"7":0,"8":0,"9":0,"10":0,"11":0,"12":0,"13":0,"14":0,"15":0,"16":0,"17":0,"18":0,"19":0,"20":0,"21":0,"22":0,"23":0,"24":0,"25":0,"26":0,"27":0,"28":0,"29":0,"30":0,"31":0,"32":0,"33":0,"34":0,"35":0,"36":0,"37":0,"38":0,"39":0,"40":0,"41":0,"42":0,"43":0},"f":{"0":0,"1":0,"2":0,"3":0,"4":0,"5":0,"6":0,"7":0,"8":0,"9":0,"10":0,"11":0,"12":0,"13":0,"14":0,"15":0,"16":0},"b":{"0":[0,0],"1":[0,0],"2":[0,0],"3":[0,0],"4":[0,0],"5":[0,0],"6":[0,0],"7":[0,0],"8":[0,0],"9":[0,0],"10":[0,0],"11":[0,0],"12":[0,0],"13":[0,0],"14":[0,0],"15":[0,0],"16":[0,0]}}
,"/home/agala/Corso Informatica/ProgettoSWE/twitter-client/src/Components/Footer.js": {"path":"/home/agala/Corso Informatica/ProgettoSWE/twitter-client/src/Components/Footer.js","statementMap":{"0":{"start":{"line":4,"column":15},"end":{"line":35,"column":1}},"1":{"start":{"line":5,"column":4},"end":{"line":34,"column":6}}},"fnMap":{"0":{"name":"(anonymous_0)","decl":{"start":{"line":4,"column":15},"end":{"line":4,"column":16}},"loc":{"start":{"line":4,"column":21},"end":{"line":35,"column":1}},"line":4}},"branchMap":{},"s":{"0":0,"1":0},"f":{"0":0},"b":{}}
,"/home/agala/Corso Informatica/ProgettoSWE/twitter-client/src/Components/FunctionalityCard.js": {"path":"/home/agala/Corso Informatica/ProgettoSWE/twitter-client/src/Components/FunctionalityCard.js","statementMap":{"0":{"start":{"line":3,"column":26},"end":{"line":23,"column":1}},"1":{"start":{"line":4,"column":4},"end":{"line":22,"column":6}}},"fnMap":{"0":{"name":"(anonymous_0)","decl":{"start":{"line":3,"column":26},"end":{"line":3,"column":27}},"loc":{"start":{"line":3,"column":37},"end":{"line":23,"column":1}},"line":3}},"branchMap":{},"s":{"0":0,"1":0},"f":{"0":0},"b":{}}
,"/home/agala/Corso Informatica/ProgettoSWE/twitter-client/src/Components/Hero.js": {"path":"/home/agala/Corso Informatica/ProgettoSWE/twitter-client/src/Components/Hero.js","statementMap":{"0":{"start":{"line":4,"column":13},"end":{"line":41,"column":1}},"1":{"start":{"line":5,"column":4},"end":{"line":40,"column":5}}},"fnMap":{"0":{"name":"(anonymous_0)","decl":{"start":{"line":4,"column":13},"end":{"line":4,"column":14}},"loc":{"start":{"line":4,"column":19},"end":{"line":41,"column":1}},"line":4}},"branchMap":{},"s":{"0":0,"1":0},"f":{"0":0},"b":{}}
,"/home/agala/Corso Informatica/ProgettoSWE/twitter-client/src/Components/Loading.js": {"path":"/home/agala/Corso Informatica/ProgettoSWE/twitter-client/src/Components/Loading.js","statementMap":{"0":{"start":{"line":3,"column":16},"end":{"line":54,"column":1}},"1":{"start":{"line":4,"column":4},"end":{"line":53,"column":6}}},"fnMap":{"0":{"name":"(anonymous_0)","decl":{"start":{"line":3,"column":16},"end":{"line":3,"column":17}},"loc":{"start":{"line":3,"column":22},"end":{"line":54,"column":1}},"line":3}},"branchMap":{},"s":{"0":0,"1":0},"f":{"0":0},"b":{}}
,"/home/agala/Corso Informatica/ProgettoSWE/twitter-client/src/Components/Logo.js": {"path":"/home/agala/Corso Informatica/ProgettoSWE/twitter-client/src/Components/Logo.js","statementMap":{"0":{"start":{"line":4,"column":13},"end":{"line":16,"column":1}},"1":{"start":{"line":5,"column":4},"end":{"line":15,"column":6}}},"fnMap":{"0":{"name":"(anonymous_0)","decl":{"start":{"line":4,"column":13},"end":{"line":4,"column":14}},"loc":{"start":{"line":4,"column":19},"end":{"line":16,"column":1}},"line":4}},"branchMap":{},"s":{"0":0,"1":0},"f":{"0":0},"b":{}}
,"/home/agala/Corso Informatica/ProgettoSWE/twitter-client/src/Components/Navbar.js": {"path":"/home/agala/Corso Informatica/ProgettoSWE/twitter-client/src/Components/Navbar.js","statementMap":{"0":{"start":{"line":8,"column":15},"end":{"line":10,"column":1}},"1":{"start":{"line":9,"column":4},"end":{"line":9,"column":69}}},"fnMap":{"0":{"name":"(anonymous_0)","decl":{"start":{"line":8,"column":15},"end":{"line":8,"column":16}},"loc":{"start":{"line":8,"column":30},"end":{"line":10,"column":1}},"line":8}},"branchMap":{"0":{"loc":{"start":{"line":9,"column":14},"end":{"line":9,"column":64}},"type":"cond-expr","locations":[{"start":{"line":9,"column":28},"end":{"line":9,"column":44}},{"start":{"line":9,"column":47},"end":{"line":9,"column":64}}],"line":9}},"s":{"0":0,"1":0},"f":{"0":0},"b":{"0":[0,0]}}
,"/home/agala/Corso Informatica/ProgettoSWE/twitter-client/src/Components/NavbarDesktop.js": {"path":"/home/agala/Corso Informatica/ProgettoSWE/twitter-client/src/Components/NavbarDesktop.js","statementMap":{"0":{"start":{"line":12,"column":22},"end":{"line":235,"column":1}},"1":{"start":{"line":14,"column":21},"end":{"line":14,"column":34}},"2":{"start":{"line":15,"column":20},"end":{"line":15,"column":32}},"3":{"start":{"line":16,"column":22},"end":{"line":16,"column":46}},"4":{"start":{"line":17,"column":42},"end":{"line":19,"column":5}},"5":{"start":{"line":20,"column":36},"end":{"line":20,"column":47}},"6":{"start":{"line":21,"column":46},"end":{"line":21,"column":61}},"7":{"start":{"line":23,"column":28},"end":{"line":23,"column":43}},"8":{"start":{"line":30,"column":8},"end":{"line":30,"column":17}},"9":{"start":{"line":31,"column":21},"end":{"line":41,"column":5}},"10":{"start":{"line":34,"column":8},"end":{"line":39,"column":9}},"11":{"start":{"line":35,"column":12},"end":{"line":35,"column":142}},"12":{"start":{"line":37,"column":12},"end":{"line":38,"column":116}},"13":{"start":{"line":37,"column":52},"end":{"line":37,"column":152}},"14":{"start":{"line":38,"column":17},"end":{"line":38,"column":116}},"15":{"start":{"line":40,"column":8},"end":{"line":40,"column":22}},"16":{"start":{"line":44,"column":37},"end":{"line":53,"column":5}},"17":{"start":{"line":45,"column":8},"end":{"line":45,"column":29}},"18":{"start":{"line":46,"column":8},"end":{"line":52,"column":9}},"19":{"start":{"line":48,"column":12},"end":{"line":48,"column":33}},"20":{"start":{"line":50,"column":12},"end":{"line":50,"column":34}},"21":{"start":{"line":51,"column":12},"end":{"line":51,"column":36}},"22":{"start":{"line":56,"column":31},"end":{"line":57,"column":56}},"23":{"start":{"line":57,"column":8},"end":{"line":57,"column":56}},"24":{"start":{"line":60,"column":4},"end":{"line":68,"column":35}},"25":{"start":{"line":61,"column":8},"end":{"line":61,"column":29}},"26":{"start":{"line":62,"column":8},"end":{"line":62,"column":68}},"27":{"start":{"line":65,"column":8},"end":{"line":67,"column":10}},"28":{"start":{"line":66,"column":12},"end":{"line":66,"column":75}},"29":{"start":{"line":70,"column":4},"end":{"line":234,"column":6}},"30":{"start":{"line":93,"column":36},"end":{"line":95,"column":37}},"31":{"start":{"line":94,"column":59},"end":{"line":94,"column":73}},"32":{"start":{"line":115,"column":24},"end":{"line":124,"column":28}},"33":{"start":{"line":156,"column":24},"end":{"line":165,"column":28}}},"fnMap":{"0":{"name":"(anonymous_0)","decl":{"start":{"line":12,"column":22},"end":{"line":12,"column":23}},"loc":{"start":{"line":12,"column":28},"end":{"line":235,"column":1}},"line":12},"1":{"name":"(anonymous_1)","decl":{"start":{"line":31,"column":21},"end":{"line":31,"column":22}},"loc":{"start":{"line":31,"column":31},"end":{"line":41,"column":5}},"line":31},"2":{"name":"(anonymous_2)","decl":{"start":{"line":44,"column":37},"end":{"line":44,"column":38}},"loc":{"start":{"line":44,"column":43},"end":{"line":53,"column":5}},"line":44},"3":{"name":"(anonymous_3)","decl":{"start":{"line":56,"column":31},"end":{"line":56,"column":32}},"loc":{"start":{"line":57,"column":8},"end":{"line":57,"column":56}},"line":57},"4":{"name":"(anonymous_4)","decl":{"start":{"line":60,"column":14},"end":{"line":60,"column":15}},"loc":{"start":{"line":60,"column":20},"end":{"line":68,"column":5}},"line":60},"5":{"name":"(anonymous_5)","decl":{"start":{"line":65,"column":15},"end":{"line":65,"column":16}},"loc":{"start":{"line":65,"column":21},"end":{"line":67,"column":9}},"line":65},"6":{"name":"(anonymous_6)","decl":{"start":{"line":92,"column":41},"end":{"line":92,"column":42}},"loc":{"start":{"line":93,"column":36},"end":{"line":95,"column":37}},"line":93},"7":{"name":"(anonymous_7)","decl":{"start":{"line":94,"column":40},"end":{"line":94,"column":41}},"loc":{"start":{"line":94,"column":59},"end":{"line":94,"column":73}},"line":94},"8":{"name":"(anonymous_8)","decl":{"start":{"line":114,"column":41},"end":{"line":114,"column":42}},"loc":{"start":{"line":115,"column":24},"end":{"line":124,"column":28}},"line":115},"9":{"name":"(anonymous_9)","decl":{"start":{"line":155,"column":33},"end":{"line":155,"column":34}},"loc":{"start":{"line":156,"column":24},"end":{"line":165,"column":28}},"line":156}},"branchMap":{"0":{"loc":{"start":{"line":18,"column":8},"end":{"line":18,"column":44}},"type":"binary-expr","locations":[{"start":{"line":18,"column":8},"end":{"line":18,"column":33}},{"start":{"line":18,"column":37},"end":{"line":18,"column":44}}],"line":18},"1":{"loc":{"start":{"line":34,"column":8},"end":{"line":39,"column":9}},"type":"if","locations":[{"start":{"line":34,"column":8},"end":{"line":39,"column":9}},{"start":{"line":36,"column":15},"end":{"line":39,"column":9}}],"line":34},"2":{"loc":{"start":{"line":35,"column":59},"end":{"line":35,"column":138}},"type":"cond-expr","locations":[{"start":{"line":35,"column":93},"end":{"line":35,"column":120}},{"start":{"line":35,"column":124},"end":{"line":35,"column":138}}],"line":35},"3":{"loc":{"start":{"line":37,"column":12},"end":{"line":38,"column":116}},"type":"if","locations":[{"start":{"line":37,"column":12},"end":{"line":38,"column":116}},{"start":{"line":38,"column":17},"end":{"line":38,"column":116}}],"line":37},"4":{"loc":{"start":{"line":46,"column":8},"end":{"line":52,"column":9}},"type":"if","locations":[{"start":{"line":46,"column":8},"end":{"line":52,"column":9}},{"start":{"line":49,"column":15},"end":{"line":52,"column":9}}],"line":46},"5":{"loc":{"start":{"line":46,"column":12},"end":{"line":46,"column":48}},"type":"binary-expr","locations":[{"start":{"line":46,"column":12},"end":{"line":46,"column":19}},{"start":{"line":46,"column":23},"end":{"line":46,"column":48}}],"line":46},"6":{"loc":{"start":{"line":71,"column":36},"end":{"line":71,"column":67}},"type":"cond-expr","locations":[{"start":{"line":71,"column":52},"end":{"line":71,"column":58}},{"start":{"line":71,"column":61},"end":{"line":71,"column":67}}],"line":71},"7":{"loc":{"start":{"line":74,"column":20},"end":{"line":74,"column":76}},"type":"cond-expr","locations":[{"start":{"line":74,"column":35},"end":{"line":74,"column":51}},{"start":{"line":74,"column":54},"end":{"line":74,"column":76}}],"line":74},"8":{"loc":{"start":{"line":84,"column":21},"end":{"line":128,"column":21}},"type":"cond-expr","locations":[{"start":{"line":85,"column":24},"end":{"line":110,"column":30}},{"start":{"line":112,"column":24},"end":{"line":127,"column":30}}],"line":84},"9":{"loc":{"start":{"line":88,"column":36},"end":{"line":90,"column":44}},"type":"cond-expr","locations":[{"start":{"line":89,"column":42},"end":{"line":89,"column":69}},{"start":{"line":90,"column":42},"end":{"line":90,"column":44}}],"line":88},"10":{"loc":{"start":{"line":98,"column":33},"end":{"line":108,"column":33}},"type":"cond-expr","locations":[{"start":{"line":99,"column":36},"end":{"line":102,"column":43}},{"start":{"line":104,"column":36},"end":{"line":107,"column":43}}],"line":98},"11":{"loc":{"start":{"line":119,"column":32},"end":{"line":119,"column":66}},"type":"cond-expr","locations":[{"start":{"line":119,"column":49},"end":{"line":119,"column":61}},{"start":{"line":119,"column":64},"end":{"line":119,"column":66}}],"line":119},"12":{"loc":{"start":{"line":147,"column":24},"end":{"line":151,"column":38}},"type":"cond-expr","locations":[{"start":{"line":148,"column":30},"end":{"line":148,"column":36}},{"start":{"line":149,"column":30},"end":{"line":151,"column":38}}],"line":147},"13":{"loc":{"start":{"line":147,"column":24},"end":{"line":147,"column":52}},"type":"binary-expr","locations":[{"start":{"line":147,"column":24},"end":{"line":147,"column":36}},{"start":{"line":147,"column":40},"end":{"line":147,"column":52}}],"line":147},"14":{"loc":{"start":{"line":149,"column":30},"end":{"line":151,"column":38}},"type":"cond-expr","locations":[{"start":{"line":150,"column":30},"end":{"line":150,"column":36}},{"start":{"line":151,"column":30},"end":{"line":151,"column":38}}],"line":149},"15":{"loc":{"start":{"line":160,"column":32},"end":{"line":160,"column":66}},"type":"cond-expr","locations":[{"start":{"line":160,"column":49},"end":{"line":160,"column":61}},{"start":{"line":160,"column":64},"end":{"line":160,"column":66}}],"line":160},"16":{"loc":{"start":{"line":173,"column":24},"end":{"line":173,"column":78}},"type":"cond-expr","locations":[{"start":{"line":173,"column":56},"end":{"line":173,"column":67}},{"start":{"line":173,"column":70},"end":{"line":173,"column":78}}],"line":173},"17":{"loc":{"start":{"line":173,"column":24},"end":{"line":173,"column":53}},"type":"binary-expr","locations":[{"start":{"line":173,"column":24},"end":{"line":173,"column":36}},{"start":{"line":173,"column":40},"end":{"line":173,"column":53}}],"line":173},"18":{"loc":{"start":{"line":182,"column":52},"end":{"line":182,"column":280}},"type":"cond-expr","locations":[{"start":{"line":182,"column":69},"end":{"line":182,"column":99}},{"start":{"line":182,"column":102},"end":{"line":182,"column":280}}],"line":182},"19":{"loc":{"start":{"line":182,"column":102},"end":{"line":182,"column":280}},"type":"cond-expr","locations":[{"start":{"line":182,"column":119},"end":{"line":182,"column":156}},{"start":{"line":182,"column":159},"end":{"line":182,"column":280}}],"line":182},"20":{"loc":{"start":{"line":182,"column":159},"end":{"line":182,"column":280}},"type":"cond-expr","locations":[{"start":{"line":182,"column":176},"end":{"line":182,"column":213}},{"start":{"line":182,"column":216},"end":{"line":182,"column":280}}],"line":182},"21":{"loc":{"start":{"line":186,"column":65},"end":{"line":186,"column":302}},"type":"cond-expr","locations":[{"start":{"line":186,"column":82},"end":{"line":186,"column":86}},{"start":{"line":186,"column":89},"end":{"line":186,"column":302}}],"line":186},"22":{"loc":{"start":{"line":186,"column":89},"end":{"line":186,"column":302}},"type":"cond-expr","locations":[{"start":{"line":186,"column":106},"end":{"line":186,"column":129}},{"start":{"line":186,"column":132},"end":{"line":186,"column":302}}],"line":186},"23":{"loc":{"start":{"line":186,"column":132},"end":{"line":186,"column":302}},"type":"cond-expr","locations":[{"start":{"line":186,"column":149},"end":{"line":186,"column":194}},{"start":{"line":186,"column":197},"end":{"line":186,"column":302}}],"line":186},"24":{"loc":{"start":{"line":187,"column":56},"end":{"line":187,"column":278}},"type":"cond-expr","locations":[{"start":{"line":187,"column":73},"end":{"line":187,"column":93}},{"start":{"line":187,"column":96},"end":{"line":187,"column":278}}],"line":187},"25":{"loc":{"start":{"line":187,"column":96},"end":{"line":187,"column":278}},"type":"cond-expr","locations":[{"start":{"line":187,"column":113},"end":{"line":187,"column":150}},{"start":{"line":187,"column":153},"end":{"line":187,"column":278}}],"line":187},"26":{"loc":{"start":{"line":187,"column":153},"end":{"line":187,"column":278}},"type":"cond-expr","locations":[{"start":{"line":187,"column":170},"end":{"line":187,"column":207}},{"start":{"line":187,"column":210},"end":{"line":187,"column":278}}],"line":187},"27":{"loc":{"start":{"line":191,"column":40},"end":{"line":193,"column":61}},"type":"cond-expr","locations":[{"start":{"line":192,"column":46},"end":{"line":192,"column":59}},{"start":{"line":193,"column":46},"end":{"line":193,"column":61}}],"line":191},"28":{"loc":{"start":{"line":196,"column":33},"end":{"line":211,"column":34}},"type":"binary-expr","locations":[{"start":{"line":196,"column":33},"end":{"line":196,"column":46}},{"start":{"line":196,"column":50},"end":{"line":211,"column":34}}],"line":196},"29":{"loc":{"start":{"line":207,"column":40},"end":{"line":209,"column":61}},"type":"cond-expr","locations":[{"start":{"line":208,"column":46},"end":{"line":208,"column":59}},{"start":{"line":209,"column":46},"end":{"line":209,"column":61}}],"line":207},"30":{"loc":{"start":{"line":215,"column":40},"end":{"line":217,"column":59}},"type":"cond-expr","locations":[{"start":{"line":216,"column":46},"end":{"line":216,"column":57}},{"start":{"line":217,"column":46},"end":{"line":217,"column":59}}],"line":215},"31":{"loc":{"start":{"line":215,"column":40},"end":{"line":215,"column":83}},"type":"binary-expr","locations":[{"start":{"line":215,"column":40},"end":{"line":215,"column":56}},{"start":{"line":215,"column":60},"end":{"line":215,"column":83}}],"line":215}},"s":{"0":0,"1":0,"2":0,"3":0,"4":0,"5":0,"6":0,"7":0,"8":0,"9":0,"10":0,"11":0,"12":0,"13":0,"14":0,"15":0,"16":0,"17":0,"18":0,"19":0,"20":0,"21":0,"22":0,"23":0,"24":0,"25":0,"26":0,"27":0,"28":0,"29":0,"30":0,"31":0,"32":0,"33":0},"f":{"0":0,"1":0,"2":0,"3":0,"4":0,"5":0,"6":0,"7":0,"8":0,"9":0},"b":{"0":[0,0],"1":[0,0],"2":[0,0],"3":[0,0],"4":[0,0],"5":[0,0],"6":[0,0],"7":[0,0],"8":[0,0],"9":[0,0],"10":[0,0],"11":[0,0],"12":[0,0],"13":[0,0],"14":[0,0],"15":[0,0],"16":[0,0],"17":[0,0],"18":[0,0],"19":[0,0],"20":[0,0],"21":[0,0],"22":[0,0],"23":[0,0],"24":[0,0],"25":[0,0],"26":[0,0],"27":[0,0],"28":[0,0],"29":[0,0],"30":[0,0],"31":[0,0]}}
,"/home/agala/Corso Informatica/ProgettoSWE/twitter-client/src/Components/NavbarMobile.js": {"path":"/home/agala/Corso Informatica/ProgettoSWE/twitter-client/src/Components/NavbarMobile.js","statementMap":{"0":{"start":{"line":16,"column":21},"end":{"line":359,"column":1}},"1":{"start":{"line":18,"column":21},"end":{"line":18,"column":34}},"2":{"start":{"line":19,"column":20},"end":{"line":19,"column":32}},"3":{"start":{"line":20,"column":42},"end":{"line":22,"column":5}},"4":{"start":{"line":23,"column":36},"end":{"line":23,"column":51}},"5":{"start":{"line":24,"column":22},"end":{"line":24,"column":46}},"6":{"start":{"line":25,"column":36},"end":{"line":25,"column":47}},"7":{"start":{"line":26,"column":56},"end":{"line":26,"column":72}},"8":{"start":{"line":28,"column":28},"end":{"line":28,"column":43}},"9":{"start":{"line":35,"column":8},"end":{"line":35,"column":17}},"10":{"start":{"line":36,"column":21},"end":{"line":47,"column":5}},"11":{"start":{"line":39,"column":8},"end":{"line":44,"column":9}},"12":{"start":{"line":40,"column":12},"end":{"line":40,"column":142}},"13":{"start":{"line":42,"column":12},"end":{"line":43,"column":116}},"14":{"start":{"line":42,"column":52},"end":{"line":42,"column":152}},"15":{"start":{"line":43,"column":17},"end":{"line":43,"column":116}},"16":{"start":{"line":46,"column":8},"end":{"line":46,"column":22}},"17":{"start":{"line":50,"column":31},"end":{"line":51,"column":56}},"18":{"start":{"line":51,"column":8},"end":{"line":51,"column":56}},"19":{"start":{"line":54,"column":43},"end":{"line":72,"column":5}},"20":{"start":{"line":56,"column":27},"end":{"line":56,"column":42}},"21":{"start":{"line":57,"column":12},"end":{"line":61,"column":13}},"22":{"start":{"line":58,"column":16},"end":{"line":58,"column":44}},"23":{"start":{"line":59,"column":19},"end":{"line":61,"column":13}},"24":{"start":{"line":60,"column":16},"end":{"line":60,"column":46}},"25":{"start":{"line":62,"column":12},"end":{"line":62,"column":33}},"26":{"start":{"line":64,"column":12},"end":{"line":69,"column":13}},"27":{"start":{"line":66,"column":16},"end":{"line":66,"column":37}},"28":{"start":{"line":68,"column":16},"end":{"line":68,"column":38}},"29":{"start":{"line":75,"column":4},"end":{"line":86,"column":41}},"30":{"start":{"line":76,"column":8},"end":{"line":76,"column":29}},"31":{"start":{"line":77,"column":8},"end":{"line":77,"column":74}},"32":{"start":{"line":80,"column":8},"end":{"line":85,"column":10}},"33":{"start":{"line":81,"column":12},"end":{"line":84,"column":14}},"34":{"start":{"line":89,"column":4},"end":{"line":129,"column":19}},"35":{"start":{"line":90,"column":8},"end":{"line":128,"column":9}},"36":{"start":{"line":91,"column":12},"end":{"line":98,"column":18}},"37":{"start":{"line":92,"column":16},"end":{"line":94,"column":53}},"38":{"start":{"line":95,"column":16},"end":{"line":97,"column":45}},"39":{"start":{"line":99,"column":12},"end":{"line":108,"column":20}},"40":{"start":{"line":100,"column":16},"end":{"line":107,"column":22}},"41":{"start":{"line":110,"column":12},"end":{"line":119,"column":18}},"42":{"start":{"line":111,"column":16},"end":{"line":118,"column":22}},"43":{"start":{"line":120,"column":12},"end":{"line":127,"column":20}},"44":{"start":{"line":121,"column":16},"end":{"line":123,"column":48}},"45":{"start":{"line":124,"column":16},"end":{"line":126,"column":50}},"46":{"start":{"line":132,"column":4},"end":{"line":154,"column":19}},"47":{"start":{"line":134,"column":8},"end":{"line":142,"column":56}},"48":{"start":{"line":144,"column":8},"end":{"line":148,"column":9}},"49":{"start":{"line":145,"column":12},"end":{"line":145,"column":68}},"50":{"start":{"line":147,"column":12},"end":{"line":147,"column":67}},"51":{"start":{"line":150,"column":8},"end":{"line":153,"column":10}},"52":{"start":{"line":152,"column":12},"end":{"line":152,"column":38}},"53":{"start":{"line":156,"column":4},"end":{"line":358,"column":6}},"54":{"start":{"line":198,"column":35},"end":{"line":198,"column":71}},"55":{"start":{"line":198,"column":61},"end":{"line":198,"column":70}},"56":{"start":{"line":259,"column":39},"end":{"line":259,"column":75}},"57":{"start":{"line":259,"column":65},"end":{"line":259,"column":74}},"58":{"start":{"line":268,"column":36},"end":{"line":278,"column":40}},"59":{"start":{"line":285,"column":32},"end":{"line":296,"column":38}}},"fnMap":{"0":{"name":"(anonymous_0)","decl":{"start":{"line":16,"column":21},"end":{"line":16,"column":22}},"loc":{"start":{"line":16,"column":27},"end":{"line":359,"column":1}},"line":16},"1":{"name":"(anonymous_1)","decl":{"start":{"line":36,"column":21},"end":{"line":36,"column":22}},"loc":{"start":{"line":36,"column":31},"end":{"line":47,"column":5}},"line":36},"2":{"name":"(anonymous_2)","decl":{"start":{"line":50,"column":31},"end":{"line":50,"column":32}},"loc":{"start":{"line":51,"column":8},"end":{"line":51,"column":56}},"line":51},"3":{"name":"(anonymous_3)","decl":{"start":{"line":55,"column":8},"end":{"line":55,"column":9}},"loc":{"start":{"line":55,"column":15},"end":{"line":70,"column":9}},"line":55},"4":{"name":"(anonymous_4)","decl":{"start":{"line":75,"column":14},"end":{"line":75,"column":15}},"loc":{"start":{"line":75,"column":20},"end":{"line":86,"column":5}},"line":75},"5":{"name":"(anonymous_5)","decl":{"start":{"line":80,"column":15},"end":{"line":80,"column":16}},"loc":{"start":{"line":80,"column":21},"end":{"line":85,"column":9}},"line":80},"6":{"name":"(anonymous_6)","decl":{"start":{"line":89,"column":14},"end":{"line":89,"column":15}},"loc":{"start":{"line":89,"column":20},"end":{"line":129,"column":5}},"line":89},"7":{"name":"(anonymous_7)","decl":{"start":{"line":91,"column":23},"end":{"line":91,"column":24}},"loc":{"start":{"line":91,"column":29},"end":{"line":98,"column":13}},"line":91},"8":{"name":"(anonymous_8)","decl":{"start":{"line":99,"column":23},"end":{"line":99,"column":24}},"loc":{"start":{"line":99,"column":29},"end":{"line":108,"column":13}},"line":99},"9":{"name":"(anonymous_9)","decl":{"start":{"line":110,"column":23},"end":{"line":110,"column":24}},"loc":{"start":{"line":110,"column":29},"end":{"line":119,"column":13}},"line":110},"10":{"name":"(anonymous_10)","decl":{"start":{"line":120,"column":23},"end":{"line":120,"column":24}},"loc":{"start":{"line":120,"column":29},"end":{"line":127,"column":13}},"line":120},"11":{"name":"(anonymous_11)","decl":{"start":{"line":132,"column":14},"end":{"line":132,"column":15}},"loc":{"start":{"line":132,"column":20},"end":{"line":154,"column":5}},"line":132},"12":{"name":"(anonymous_12)","decl":{"start":{"line":150,"column":15},"end":{"line":150,"column":16}},"loc":{"start":{"line":150,"column":21},"end":{"line":153,"column":9}},"line":150},"13":{"name":"(anonymous_13)","decl":{"start":{"line":198,"column":29},"end":{"line":198,"column":30}},"loc":{"start":{"line":198,"column":35},"end":{"line":198,"column":71}},"line":198},"14":{"name":"(anonymous_14)","decl":{"start":{"line":198,"column":47},"end":{"line":198,"column":48}},"loc":{"start":{"line":198,"column":61},"end":{"line":198,"column":70}},"line":198},"15":{"name":"(anonymous_15)","decl":{"start":{"line":259,"column":33},"end":{"line":259,"column":34}},"loc":{"start":{"line":259,"column":39},"end":{"line":259,"column":75}},"line":259},"16":{"name":"(anonymous_16)","decl":{"start":{"line":259,"column":51},"end":{"line":259,"column":52}},"loc":{"start":{"line":259,"column":65},"end":{"line":259,"column":74}},"line":259},"17":{"name":"(anonymous_17)","decl":{"start":{"line":267,"column":45},"end":{"line":267,"column":46}},"loc":{"start":{"line":268,"column":36},"end":{"line":278,"column":40}},"line":268},"18":{"name":"(anonymous_18)","decl":{"start":{"line":284,"column":41},"end":{"line":284,"column":42}},"loc":{"start":{"line":285,"column":32},"end":{"line":296,"column":38}},"line":285}},"branchMap":{"0":{"loc":{"start":{"line":21,"column":8},"end":{"line":21,"column":44}},"type":"binary-expr","locations":[{"start":{"line":21,"column":8},"end":{"line":21,"column":33}},{"start":{"line":21,"column":37},"end":{"line":21,"column":44}}],"line":21},"1":{"loc":{"start":{"line":39,"column":8},"end":{"line":44,"column":9}},"type":"if","locations":[{"start":{"line":39,"column":8},"end":{"line":44,"column":9}},{"start":{"line":41,"column":15},"end":{"line":44,"column":9}}],"line":39},"2":{"loc":{"start":{"line":40,"column":59},"end":{"line":40,"column":138}},"type":"cond-expr","locations":[{"start":{"line":40,"column":93},"end":{"line":40,"column":120}},{"start":{"line":40,"column":124},"end":{"line":40,"column":138}}],"line":40},"3":{"loc":{"start":{"line":42,"column":12},"end":{"line":43,"column":116}},"type":"if","locations":[{"start":{"line":42,"column":12},"end":{"line":43,"column":116}},{"start":{"line":43,"column":17},"end":{"line":43,"column":116}}],"line":42},"4":{"loc":{"start":{"line":57,"column":12},"end":{"line":61,"column":13}},"type":"if","locations":[{"start":{"line":57,"column":12},"end":{"line":61,"column":13}},{"start":{"line":59,"column":19},"end":{"line":61,"column":13}}],"line":57},"5":{"loc":{"start":{"line":59,"column":19},"end":{"line":61,"column":13}},"type":"if","locations":[{"start":{"line":59,"column":19},"end":{"line":61,"column":13}},{"start":{},"end":{}}],"line":59},"6":{"loc":{"start":{"line":64,"column":12},"end":{"line":69,"column":13}},"type":"if","locations":[{"start":{"line":64,"column":12},"end":{"line":69,"column":13}},{"start":{"line":67,"column":19},"end":{"line":69,"column":13}}],"line":64},"7":{"loc":{"start":{"line":64,"column":16},"end":{"line":64,"column":52}},"type":"binary-expr","locations":[{"start":{"line":64,"column":16},"end":{"line":64,"column":23}},{"start":{"line":64,"column":27},"end":{"line":64,"column":52}}],"line":64},"8":{"loc":{"start":{"line":90,"column":8},"end":{"line":128,"column":9}},"type":"if","locations":[{"start":{"line":90,"column":8},"end":{"line":128,"column":9}},{"start":{"line":109,"column":15},"end":{"line":128,"column":9}}],"line":90},"9":{"loc":{"start":{"line":134,"column":8},"end":{"line":142,"column":55}},"type":"cond-expr","locations":[{"start":{"line":135,"column":15},"end":{"line":135,"column":52}},{"start":{"line":136,"column":14},"end":{"line":142,"column":55}}],"line":134},"10":{"loc":{"start":{"line":136,"column":14},"end":{"line":142,"column":55}},"type":"cond-expr","locations":[{"start":{"line":137,"column":15},"end":{"line":137,"column":53}},{"start":{"line":138,"column":14},"end":{"line":142,"column":55}}],"line":136},"11":{"loc":{"start":{"line":138,"column":14},"end":{"line":142,"column":55}},"type":"cond-expr","locations":[{"start":{"line":139,"column":15},"end":{"line":139,"column":55}},{"start":{"line":140,"column":14},"end":{"line":142,"column":55}}],"line":138},"12":{"loc":{"start":{"line":140,"column":14},"end":{"line":142,"column":55}},"type":"cond-expr","locations":[{"start":{"line":141,"column":15},"end":{"line":141,"column":54}},{"start":{"line":142,"column":15},"end":{"line":142,"column":54}}],"line":140},"13":{"loc":{"start":{"line":144,"column":8},"end":{"line":148,"column":9}},"type":"if","locations":[{"start":{"line":144,"column":8},"end":{"line":148,"column":9}},{"start":{"line":146,"column":15},"end":{"line":148,"column":9}}],"line":144},"14":{"loc":{"start":{"line":157,"column":36},"end":{"line":157,"column":62}},"type":"cond-expr","locations":[{"start":{"line":157,"column":47},"end":{"line":157,"column":53}},{"start":{"line":157,"column":56},"end":{"line":157,"column":62}}],"line":157},"15":{"loc":{"start":{"line":160,"column":20},"end":{"line":162,"column":38}},"type":"cond-expr","locations":[{"start":{"line":161,"column":26},"end":{"line":161,"column":36}},{"start":{"line":162,"column":26},"end":{"line":162,"column":38}}],"line":160},"16":{"loc":{"start":{"line":160,"column":20},"end":{"line":160,"column":64}},"type":"binary-expr","locations":[{"start":{"line":160,"column":20},"end":{"line":160,"column":31}},{"start":{"line":160,"column":35},"end":{"line":160,"column":64}}],"line":160},"17":{"loc":{"start":{"line":168,"column":24},"end":{"line":176,"column":55}},"type":"cond-expr","locations":[{"start":{"line":169,"column":30},"end":{"line":169,"column":53}},{"start":{"line":170,"column":30},"end":{"line":176,"column":55}}],"line":168},"18":{"loc":{"start":{"line":170,"column":30},"end":{"line":176,"column":55}},"type":"cond-expr","locations":[{"start":{"line":171,"column":30},"end":{"line":171,"column":54}},{"start":{"line":172,"column":30},"end":{"line":176,"column":55}}],"line":170},"19":{"loc":{"start":{"line":172,"column":30},"end":{"line":176,"column":55}},"type":"cond-expr","locations":[{"start":{"line":173,"column":30},"end":{"line":173,"column":56}},{"start":{"line":174,"column":30},"end":{"line":176,"column":55}}],"line":172},"20":{"loc":{"start":{"line":174,"column":30},"end":{"line":176,"column":55}},"type":"cond-expr","locations":[{"start":{"line":175,"column":30},"end":{"line":175,"column":55}},{"start":{"line":176,"column":30},"end":{"line":176,"column":55}}],"line":174},"21":{"loc":{"start":{"line":191,"column":20},"end":{"line":191,"column":76}},"type":"cond-expr","locations":[{"start":{"line":191,"column":35},"end":{"line":191,"column":51}},{"start":{"line":191,"column":54},"end":{"line":191,"column":76}}],"line":191},"22":{"loc":{"start":{"line":196,"column":24},"end":{"line":196,"column":60}},"type":"cond-expr","locations":[{"start":{"line":196,"column":38},"end":{"line":196,"column":55}},{"start":{"line":196,"column":58},"end":{"line":196,"column":60}}],"line":196},"23":{"loc":{"start":{"line":207,"column":20},"end":{"line":210,"column":38}},"type":"cond-expr","locations":[{"start":{"line":209,"column":26},"end":{"line":209,"column":61}},{"start":{"line":210,"column":26},"end":{"line":210,"column":38}}],"line":207},"24":{"loc":{"start":{"line":207,"column":20},"end":{"line":208,"column":26}},"type":"binary-expr","locations":[{"start":{"line":207,"column":20},"end":{"line":207,"column":47}},{"start":{"line":208,"column":20},"end":{"line":208,"column":26}}],"line":207},"25":{"loc":{"start":{"line":219,"column":40},"end":{"line":221,"column":68}},"type":"cond-expr","locations":[{"start":{"line":220,"column":46},"end":{"line":220,"column":48}},{"start":{"line":221,"column":46},"end":{"line":221,"column":68}}],"line":219},"26":{"loc":{"start":{"line":234,"column":40},"end":{"line":236,"column":68}},"type":"cond-expr","locations":[{"start":{"line":235,"column":46},"end":{"line":235,"column":48}},{"start":{"line":236,"column":46},"end":{"line":236,"column":68}}],"line":234},"27":{"loc":{"start":{"line":252,"column":77},"end":{"line":252,"column":99}},"type":"cond-expr","locations":[{"start":{"line":252,"column":88},"end":{"line":252,"column":94}},{"start":{"line":252,"column":97},"end":{"line":252,"column":99}}],"line":252},"28":{"loc":{"start":{"line":264,"column":21},"end":{"line":299,"column":21}},"type":"cond-expr","locations":[{"start":{"line":265,"column":24},"end":{"line":281,"column":30}},{"start":{"line":283,"column":24},"end":{"line":298,"column":30}}],"line":264},"29":{"loc":{"start":{"line":273,"column":44},"end":{"line":273,"column":78}},"type":"cond-expr","locations":[{"start":{"line":273,"column":61},"end":{"line":273,"column":73}},{"start":{"line":273,"column":76},"end":{"line":273,"column":78}}],"line":273},"30":{"loc":{"start":{"line":290,"column":44},"end":{"line":290,"column":78}},"type":"cond-expr","locations":[{"start":{"line":290,"column":61},"end":{"line":290,"column":73}},{"start":{"line":290,"column":76},"end":{"line":290,"column":78}}],"line":290},"31":{"loc":{"start":{"line":306,"column":52},"end":{"line":306,"column":280}},"type":"cond-expr","locations":[{"start":{"line":306,"column":69},"end":{"line":306,"column":99}},{"start":{"line":306,"column":102},"end":{"line":306,"column":280}}],"line":306},"32":{"loc":{"start":{"line":306,"column":102},"end":{"line":306,"column":280}},"type":"cond-expr","locations":[{"start":{"line":306,"column":119},"end":{"line":306,"column":156}},{"start":{"line":306,"column":159},"end":{"line":306,"column":280}}],"line":306},"33":{"loc":{"start":{"line":306,"column":159},"end":{"line":306,"column":280}},"type":"cond-expr","locations":[{"start":{"line":306,"column":176},"end":{"line":306,"column":213}},{"start":{"line":306,"column":216},"end":{"line":306,"column":280}}],"line":306},"34":{"loc":{"start":{"line":310,"column":65},"end":{"line":310,"column":302}},"type":"cond-expr","locations":[{"start":{"line":310,"column":82},"end":{"line":310,"column":86}},{"start":{"line":310,"column":89},"end":{"line":310,"column":302}}],"line":310},"35":{"loc":{"start":{"line":310,"column":89},"end":{"line":310,"column":302}},"type":"cond-expr","locations":[{"start":{"line":310,"column":106},"end":{"line":310,"column":129}},{"start":{"line":310,"column":132},"end":{"line":310,"column":302}}],"line":310},"36":{"loc":{"start":{"line":310,"column":132},"end":{"line":310,"column":302}},"type":"cond-expr","locations":[{"start":{"line":310,"column":149},"end":{"line":310,"column":194}},{"start":{"line":310,"column":197},"end":{"line":310,"column":302}}],"line":310},"37":{"loc":{"start":{"line":311,"column":56},"end":{"line":311,"column":278}},"type":"cond-expr","locations":[{"start":{"line":311,"column":73},"end":{"line":311,"column":93}},{"start":{"line":311,"column":96},"end":{"line":311,"column":278}}],"line":311},"38":{"loc":{"start":{"line":311,"column":96},"end":{"line":311,"column":278}},"type":"cond-expr","locations":[{"start":{"line":311,"column":113},"end":{"line":311,"column":150}},{"start":{"line":311,"column":153},"end":{"line":311,"column":278}}],"line":311},"39":{"loc":{"start":{"line":311,"column":153},"end":{"line":311,"column":278}},"type":"cond-expr","locations":[{"start":{"line":311,"column":170},"end":{"line":311,"column":207}},{"start":{"line":311,"column":210},"end":{"line":311,"column":278}}],"line":311},"40":{"loc":{"start":{"line":315,"column":40},"end":{"line":317,"column":61}},"type":"cond-expr","locations":[{"start":{"line":316,"column":46},"end":{"line":316,"column":59}},{"start":{"line":317,"column":46},"end":{"line":317,"column":61}}],"line":315},"41":{"loc":{"start":{"line":320,"column":34},"end":{"line":335,"column":34}},"type":"binary-expr","locations":[{"start":{"line":320,"column":34},"end":{"line":320,"column":47}},{"start":{"line":320,"column":51},"end":{"line":335,"column":34}}],"line":320},"42":{"loc":{"start":{"line":331,"column":40},"end":{"line":333,"column":61}},"type":"cond-expr","locations":[{"start":{"line":332,"column":46},"end":{"line":332,"column":59}},{"start":{"line":333,"column":46},"end":{"line":333,"column":61}}],"line":331},"43":{"loc":{"start":{"line":339,"column":40},"end":{"line":341,"column":59}},"type":"cond-expr","locations":[{"start":{"line":340,"column":46},"end":{"line":340,"column":57}},{"start":{"line":341,"column":46},"end":{"line":341,"column":59}}],"line":339}},"s":{"0":0,"1":0,"2":0,"3":0,"4":0,"5":0,"6":0,"7":0,"8":0,"9":0,"10":0,"11":0,"12":0,"13":0,"14":0,"15":0,"16":0,"17":0,"18":0,"19":0,"20":0,"21":0,"22":0,"23":0,"24":0,"25":0,"26":0,"27":0,"28":0,"29":0,"30":0,"31":0,"32":0,"33":0,"34":0,"35":0,"36":0,"37":0,"38":0,"39":0,"40":0,"41":0,"42":0,"43":0,"44":0,"45":0,"46":0,"47":0,"48":0,"49":0,"50":0,"51":0,"52":0,"53":0,"54":0,"55":0,"56":0,"57":0,"58":0,"59":0},"f":{"0":0,"1":0,"2":0,"3":0,"4":0,"5":0,"6":0,"7":0,"8":0,"9":0,"10":0,"11":0,"12":0,"13":0,"14":0,"15":0,"16":0,"17":0,"18":0},"b":{"0":[0,0],"1":[0,0],"2":[0,0],"3":[0,0],"4":[0,0],"5":[0,0],"6":[0,0],"7":[0,0],"8":[0,0],"9":[0,0],"10":[0,0],"11":[0,0],"12":[0,0],"13":[0,0],"14":[0,0],"15":[0,0],"16":[0,0],"17":[0,0],"18":[0,0],"19":[0,0],"20":[0,0],"21":[0,0],"22":[0,0],"23":[0,0],"24":[0,0],"25":[0,0],"26":[0,0],"27":[0,0],"28":[0,0],"29":[0,0],"30":[0,0],"31":[0,0],"32":[0,0],"33":[0,0],"34":[0,0],"35":[0,0],"36":[0,0],"37":[0,0],"38":[0,0],"39":[0,0],"40":[0,0],"41":[0,0],"42":[0,0],"43":[0,0]}}
,"/home/agala/Corso Informatica/ProgettoSWE/twitter-client/src/Components/NavigationTab.js": {"path":"/home/agala/Corso Informatica/ProgettoSWE/twitter-client/src/Components/NavigationTab.js","statementMap":{"0":{"start":{"line":3,"column":22},"end":{"line":17,"column":1}},"1":{"start":{"line":4,"column":4},"end":{"line":16,"column":6}},"2":{"start":{"line":8,"column":27},"end":{"line":8,"column":58}}},"fnMap":{"0":{"name":"(anonymous_0)","decl":{"start":{"line":3,"column":22},"end":{"line":3,"column":23}},"loc":{"start":{"line":3,"column":33},"end":{"line":17,"column":1}},"line":3},"1":{"name":"(anonymous_1)","decl":{"start":{"line":8,"column":21},"end":{"line":8,"column":22}},"loc":{"start":{"line":8,"column":27},"end":{"line":8,"column":58}},"line":8}},"branchMap":{"0":{"loc":{"start":{"line":10,"column":16},"end":{"line":10,"column":80}},"type":"cond-expr","locations":[{"start":{"line":10,"column":50},"end":{"line":10,"column":75}},{"start":{"line":10,"column":78},"end":{"line":10,"column":80}}],"line":10}},"s":{"0":0,"1":0,"2":0},"f":{"0":0,"1":0},"b":{"0":[0,0]}}
,"/home/agala/Corso Informatica/ProgettoSWE/twitter-client/src/Components/RankingColumn.js": {"path":"/home/agala/Corso Informatica/ProgettoSWE/twitter-client/src/Components/RankingColumn.js","statementMap":{"0":{"start":{"line":3,"column":22},"end":{"line":26,"column":1}},"1":{"start":{"line":4,"column":4},"end":{"line":25,"column":6}}},"fnMap":{"0":{"name":"(anonymous_0)","decl":{"start":{"line":3,"column":22},"end":{"line":3,"column":23}},"loc":{"start":{"line":3,"column":33},"end":{"line":26,"column":1}},"line":3}},"branchMap":{"0":{"loc":{"start":{"line":6,"column":100},"end":{"line":6,"column":136}},"type":"cond-expr","locations":[{"start":{"line":6,"column":123},"end":{"line":6,"column":128}},{"start":{"line":6,"column":131},"end":{"line":6,"column":136}}],"line":6},"1":{"loc":{"start":{"line":7,"column":26},"end":{"line":7,"column":70}},"type":"cond-expr","locations":[{"start":{"line":7,"column":43},"end":{"line":7,"column":55}},{"start":{"line":7,"column":58},"end":{"line":7,"column":70}}],"line":7},"2":{"loc":{"start":{"line":14,"column":17},"end":{"line":14,"column":50}},"type":"cond-expr","locations":[{"start":{"line":14,"column":31},"end":{"line":14,"column":42}},{"start":{"line":14,"column":45},"end":{"line":14,"column":50}}],"line":14},"3":{"loc":{"start":{"line":20,"column":17},"end":{"line":20,"column":62}},"type":"cond-expr","locations":[{"start":{"line":20,"column":37},"end":{"line":20,"column":54}},{"start":{"line":20,"column":57},"end":{"line":20,"column":62}}],"line":20}},"s":{"0":0,"1":0},"f":{"0":0},"b":{"0":[0,0],"1":[0,0],"2":[0,0],"3":[0,0]}}
,"/home/agala/Corso Informatica/ProgettoSWE/twitter-client/src/Components/StatisticTab.js": {"path":"/home/agala/Corso Informatica/ProgettoSWE/twitter-client/src/Components/StatisticTab.js","statementMap":{"0":{"start":{"line":12,"column":0},"end":{"line":12,"column":46}},"1":{"start":{"line":15,"column":23},"end":{"line":18,"column":47}},"2":{"start":{"line":18,"column":20},"end":{"line":18,"column":46}},"3":{"start":{"line":19,"column":4},"end":{"line":19,"column":47}},"4":{"start":{"line":22,"column":21},"end":{"line":243,"column":1}},"5":{"start":{"line":24,"column":59},"end":{"line":26,"column":5}},"6":{"start":{"line":25,"column":19},"end":{"line":25,"column":37}},"7":{"start":{"line":28,"column":46},"end":{"line":28,"column":60}},"8":{"start":{"line":29,"column":44},"end":{"line":29,"column":59}},"9":{"start":{"line":31,"column":4},"end":{"line":57,"column":11}},"10":{"start":{"line":32,"column":8},"end":{"line":56,"column":9}},"11":{"start":{"line":33,"column":12},"end":{"line":55,"column":15}},"12":{"start":{"line":59,"column":4},"end":{"line":242,"column":6}},"13":{"start":{"line":146,"column":52},"end":{"line":149,"column":53}},"14":{"start":{"line":148,"column":60},"end":{"line":148,"column":73}}},"fnMap":{"0":{"name":"getFlagEmoji","decl":{"start":{"line":14,"column":9},"end":{"line":14,"column":21}},"loc":{"start":{"line":14,"column":35},"end":{"line":20,"column":3}},"line":14},"1":{"name":"(anonymous_1)","decl":{"start":{"line":18,"column":11},"end":{"line":18,"column":12}},"loc":{"start":{"line":18,"column":20},"end":{"line":18,"column":46}},"line":18},"2":{"name":"(anonymous_2)","decl":{"start":{"line":22,"column":21},"end":{"line":22,"column":22}},"loc":{"start":{"line":22,"column":32},"end":{"line":243,"column":1}},"line":22},"3":{"name":"(anonymous_3)","decl":{"start":{"line":25,"column":8},"end":{"line":25,"column":9}},"loc":{"start":{"line":25,"column":19},"end":{"line":25,"column":37}},"line":25},"4":{"name":"(anonymous_4)","decl":{"start":{"line":31,"column":14},"end":{"line":31,"column":15}},"loc":{"start":{"line":31,"column":20},"end":{"line":57,"column":5}},"line":31},"5":{"name":"(anonymous_5)","decl":{"start":{"line":145,"column":57},"end":{"line":145,"column":58}},"loc":{"start":{"line":146,"column":52},"end":{"line":149,"column":53}},"line":146},"6":{"name":"(anonymous_6)","decl":{"start":{"line":147,"column":56},"end":{"line":147,"column":57}},"loc":{"start":{"line":148,"column":60},"end":{"line":148,"column":73}},"line":148}},"branchMap":{"0":{"loc":{"start":{"line":32,"column":8},"end":{"line":56,"column":9}},"type":"if","locations":[{"start":{"line":32,"column":8},"end":{"line":56,"column":9}},{"start":{},"end":{}}],"line":32},"1":{"loc":{"start":{"line":61,"column":13},"end":{"line":240,"column":13}},"type":"cond-expr","locations":[{"start":{"line":62,"column":16},"end":{"line":222,"column":19}},{"start":{"line":224,"column":16},"end":{"line":239,"column":22}}],"line":61},"2":{"loc":{"start":{"line":91,"column":25},"end":{"line":159,"column":25}},"type":"binary-expr","locations":[{"start":{"line":91,"column":25},"end":{"line":91,"column":38}},{"start":{"line":92,"column":28},"end":{"line":158,"column":34}}],"line":91},"3":{"loc":{"start":{"line":98,"column":41},"end":{"line":115,"column":41}},"type":"cond-expr","locations":[{"start":{"line":99,"column":44},"end":{"line":108,"column":46}},{"start":{"line":110,"column":44},"end":{"line":114,"column":50}}],"line":98},"4":{"loc":{"start":{"line":127,"column":52},"end":{"line":132,"column":72}},"type":"cond-expr","locations":[{"start":{"line":128,"column":58},"end":{"line":128,"column":70}},{"start":{"line":129,"column":58},"end":{"line":132,"column":72}}],"line":127},"5":{"loc":{"start":{"line":129,"column":58},"end":{"line":132,"column":72}},"type":"cond-expr","locations":[{"start":{"line":131,"column":58},"end":{"line":131,"column":72}},{"start":{"line":132,"column":58},"end":{"line":132,"column":72}}],"line":129},"6":{"loc":{"start":{"line":135,"column":48},"end":{"line":140,"column":64}},"type":"cond-expr","locations":[{"start":{"line":136,"column":54},"end":{"line":136,"column":64}},{"start":{"line":137,"column":54},"end":{"line":140,"column":64}}],"line":135},"7":{"loc":{"start":{"line":137,"column":54},"end":{"line":140,"column":64}},"type":"cond-expr","locations":[{"start":{"line":139,"column":54},"end":{"line":139,"column":64}},{"start":{"line":140,"column":54},"end":{"line":140,"column":64}}],"line":137}},"s":{"0":0,"1":0,"2":0,"3":0,"4":0,"5":0,"6":0,"7":0,"8":0,"9":0,"10":0,"11":0,"12":0,"13":0,"14":0},"f":{"0":0,"1":0,"2":0,"3":0,"4":0,"5":0,"6":0},"b":{"0":[0,0],"1":[0,0],"2":[0,0],"3":[0,0],"4":[0,0],"5":[0,0],"6":[0,0],"7":[0,0]}}
,"/home/agala/Corso Informatica/ProgettoSWE/twitter-client/src/Components/StreamingTab.js": {"path":"/home/agala/Corso Informatica/ProgettoSWE/twitter-client/src/Components/StreamingTab.js","statementMap":{"0":{"start":{"line":5,"column":21},"end":{"line":73,"column":1}},"1":{"start":{"line":8,"column":35},"end":{"line":8,"column":78}},"2":{"start":{"line":8,"column":58},"end":{"line":8,"column":77}},"3":{"start":{"line":10,"column":4},"end":{"line":72,"column":6}},"4":{"start":{"line":16,"column":28},"end":{"line":59,"column":30}}},"fnMap":{"0":{"name":"(anonymous_0)","decl":{"start":{"line":5,"column":21},"end":{"line":5,"column":22}},"loc":{"start":{"line":5,"column":27},"end":{"line":73,"column":1}},"line":5},"1":{"name":"(anonymous_1)","decl":{"start":{"line":8,"column":47},"end":{"line":8,"column":48}},"loc":{"start":{"line":8,"column":58},"end":{"line":8,"column":77}},"line":8},"2":{"name":"(anonymous_2)","decl":{"start":{"line":15,"column":47},"end":{"line":15,"column":48}},"loc":{"start":{"line":16,"column":28},"end":{"line":59,"column":30}},"line":16}},"branchMap":{"0":{"loc":{"start":{"line":12,"column":13},"end":{"line":70,"column":13}},"type":"cond-expr","locations":[{"start":{"line":13,"column":16},"end":{"line":62,"column":19}},{"start":{"line":64,"column":16},"end":{"line":69,"column":22}}],"line":12},"1":{"loc":{"start":{"line":21,"column":40},"end":{"line":33,"column":58}},"type":"cond-expr","locations":[{"start":{"line":22,"column":47},"end":{"line":32,"column":51}},{"start":{"line":33,"column":47},"end":{"line":33,"column":57}}],"line":21},"2":{"loc":{"start":{"line":22,"column":47},"end":{"line":32,"column":51}},"type":"cond-expr","locations":[{"start":{"line":24,"column":50},"end":{"line":24,"column":77}},{"start":{"line":25,"column":50},"end":{"line":32,"column":51}}],"line":22},"3":{"loc":{"start":{"line":38,"column":46},"end":{"line":38,"column":72}},"type":"binary-expr","locations":[{"start":{"line":38,"column":46},"end":{"line":38,"column":62}},{"start":{"line":38,"column":66},"end":{"line":38,"column":72}}],"line":38},"4":{"loc":{"start":{"line":39,"column":53},"end":{"line":39,"column":90}},"type":"binary-expr","locations":[{"start":{"line":39,"column":53},"end":{"line":39,"column":76}},{"start":{"line":39,"column":80},"end":{"line":39,"column":90}}],"line":39},"5":{"loc":{"start":{"line":42,"column":40},"end":{"line":46,"column":52}},"type":"cond-expr","locations":[{"start":{"line":43,"column":46},"end":{"line":43,"column":52}},{"start":{"line":44,"column":46},"end":{"line":46,"column":52}}],"line":42},"6":{"loc":{"start":{"line":44,"column":46},"end":{"line":46,"column":52}},"type":"cond-expr","locations":[{"start":{"line":45,"column":46},"end":{"line":45,"column":59}},{"start":{"line":46,"column":46},"end":{"line":46,"column":52}}],"line":44},"7":{"loc":{"start":{"line":49,"column":40},"end":{"line":51,"column":48}},"type":"cond-expr","locations":[{"start":{"line":50,"column":46},"end":{"line":50,"column":84}},{"start":{"line":51,"column":46},"end":{"line":51,"column":48}}],"line":49},"8":{"loc":{"start":{"line":54,"column":40},"end":{"line":56,"column":48}},"type":"cond-expr","locations":[{"start":{"line":55,"column":46},"end":{"line":55,"column":94}},{"start":{"line":56,"column":46},"end":{"line":56,"column":48}}],"line":54}},"s":{"0":0,"1":0,"2":0,"3":0,"4":0},"f":{"0":0,"1":0,"2":0},"b":{"0":[0,0],"1":[0,0],"2":[0,0],"3":[0,0],"4":[0,0],"5":[0,0],"6":[0,0],"7":[0,0],"8":[0,0]}}
,"/home/agala/Corso Informatica/ProgettoSWE/twitter-client/src/Components/SwitchTheme.js": {"path":"/home/agala/Corso Informatica/ProgettoSWE/twitter-client/src/Components/SwitchTheme.js","statementMap":{"0":{"start":{"line":5,"column":20},"end":{"line":51,"column":1}},"1":{"start":{"line":7,"column":17},"end":{"line":7,"column":58}},"2":{"start":{"line":7,"column":40},"end":{"line":7,"column":57}},"3":{"start":{"line":8,"column":21},"end":{"line":8,"column":34}},"4":{"start":{"line":11,"column":30},"end":{"line":11,"column":50}},"5":{"start":{"line":14,"column":24},"end":{"line":33,"column":5}},"6":{"start":{"line":15,"column":8},"end":{"line":32,"column":9}},"7":{"start":{"line":16,"column":12},"end":{"line":16,"column":29}},"8":{"start":{"line":18,"column":12},"end":{"line":23,"column":15}},"9":{"start":{"line":25,"column":12},"end":{"line":25,"column":30}},"10":{"start":{"line":26,"column":12},"end":{"line":31,"column":15}},"11":{"start":{"line":36,"column":4},"end":{"line":38,"column":16}},"12":{"start":{"line":37,"column":8},"end":{"line":37,"column":67}},"13":{"start":{"line":40,"column":4},"end":{"line":50,"column":6}}},"fnMap":{"0":{"name":"(anonymous_0)","decl":{"start":{"line":5,"column":20},"end":{"line":5,"column":21}},"loc":{"start":{"line":5,"column":26},"end":{"line":51,"column":1}},"line":5},"1":{"name":"(anonymous_1)","decl":{"start":{"line":7,"column":29},"end":{"line":7,"column":30}},"loc":{"start":{"line":7,"column":40},"end":{"line":7,"column":57}},"line":7},"2":{"name":"(anonymous_2)","decl":{"start":{"line":14,"column":24},"end":{"line":14,"column":25}},"loc":{"start":{"line":14,"column":30},"end":{"line":33,"column":5}},"line":14},"3":{"name":"(anonymous_3)","decl":{"start":{"line":36,"column":14},"end":{"line":36,"column":15}},"loc":{"start":{"line":36,"column":20},"end":{"line":38,"column":5}},"line":36}},"branchMap":{"0":{"loc":{"start":{"line":15,"column":8},"end":{"line":32,"column":9}},"type":"if","locations":[{"start":{"line":15,"column":8},"end":{"line":32,"column":9}},{"start":{"line":24,"column":15},"end":{"line":32,"column":9}}],"line":15},"1":{"loc":{"start":{"line":43,"column":17},"end":{"line":47,"column":17}},"type":"cond-expr","locations":[{"start":{"line":44,"column":20},"end":{"line":44,"column":75}},{"start":{"line":46,"column":20},"end":{"line":46,"column":63}}],"line":43}},"s":{"0":0,"1":0,"2":0,"3":0,"4":0,"5":0,"6":0,"7":0,"8":0,"9":0,"10":0,"11":0,"12":0,"13":0},"f":{"0":0,"1":0,"2":0,"3":0},"b":{"0":[0,0],"1":[0,0]}}
,"/home/agala/Corso Informatica/ProgettoSWE/twitter-client/src/Components/Tweet.js": {"path":"/home/agala/Corso Informatica/ProgettoSWE/twitter-client/src/Components/Tweet.js","statementMap":{"0":{"start":{"line":3,"column":21},"end":{"line":151,"column":1}},"1":{"start":{"line":5,"column":8},"end":{"line":5,"column":278}},"2":{"start":{"line":6,"column":25},"end":{"line":6,"column":64}},"3":{"start":{"line":7,"column":26},"end":{"line":7,"column":51}},"4":{"start":{"line":8,"column":22},"end":{"line":30,"column":5}},"5":{"start":{"line":9,"column":23},"end":{"line":13,"column":9}},"6":{"start":{"line":12,"column":16},"end":{"line":12,"column":80}},"7":{"start":{"line":15,"column":30},"end":{"line":21,"column":9}},"8":{"start":{"line":18,"column":16},"end":{"line":20,"column":34}},"9":{"start":{"line":23,"column":8},"end":{"line":29,"column":10}},"10":{"start":{"line":26,"column":16},"end":{"line":28,"column":55}},"11":{"start":{"line":32,"column":4},"end":{"line":150,"column":6}},"12":{"start":{"line":114,"column":44},"end":{"line":121,"column":45}},"13":{"start":{"line":115,"column":48},"end":{"line":120,"column":51}}},"fnMap":{"0":{"name":"(anonymous_0)","decl":{"start":{"line":3,"column":21},"end":{"line":3,"column":22}},"loc":{"start":{"line":3,"column":47},"end":{"line":151,"column":1}},"line":3},"1":{"name":"(anonymous_1)","decl":{"start":{"line":8,"column":22},"end":{"line":8,"column":23}},"loc":{"start":{"line":8,"column":32},"end":{"line":30,"column":5}},"line":8},"2":{"name":"(anonymous_2)","decl":{"start":{"line":11,"column":12},"end":{"line":11,"column":13}},"loc":{"start":{"line":12,"column":16},"end":{"line":12,"column":80}},"line":12},"3":{"name":"(anonymous_3)","decl":{"start":{"line":17,"column":12},"end":{"line":17,"column":13}},"loc":{"start":{"line":18,"column":16},"end":{"line":20,"column":34}},"line":18},"4":{"name":"(anonymous_4)","decl":{"start":{"line":25,"column":12},"end":{"line":25,"column":13}},"loc":{"start":{"line":26,"column":16},"end":{"line":28,"column":55}},"line":26},"5":{"name":"(anonymous_5)","decl":{"start":{"line":113,"column":49},"end":{"line":113,"column":50}},"loc":{"start":{"line":113,"column":55},"end":{"line":122,"column":41}},"line":113}},"branchMap":{"0":{"loc":{"start":{"line":35,"column":17},"end":{"line":147,"column":17}},"type":"binary-expr","locations":[{"start":{"line":35,"column":17},"end":{"line":35,"column":22}},{"start":{"line":36,"column":20},"end":{"line":146,"column":26}}],"line":35},"1":{"loc":{"start":{"line":44,"column":44},"end":{"line":45,"column":124}},"type":"binary-expr","locations":[{"start":{"line":44,"column":44},"end":{"line":44,"column":72}},{"start":{"line":45,"column":44},"end":{"line":45,"column":124}}],"line":44},"2":{"loc":{"start":{"line":54,"column":41},"end":{"line":54,"column":147}},"type":"binary-expr","locations":[{"start":{"line":54,"column":41},"end":{"line":54,"column":57}},{"start":{"line":54,"column":61},"end":{"line":54,"column":147}}],"line":54},"3":{"loc":{"start":{"line":73,"column":29},"end":{"line":78,"column":29}},"type":"binary-expr","locations":[{"start":{"line":73,"column":29},"end":{"line":73,"column":42}},{"start":{"line":74,"column":32},"end":{"line":77,"column":36}}],"line":73},"4":{"loc":{"start":{"line":89,"column":25},"end":{"line":96,"column":25}},"type":"binary-expr","locations":[{"start":{"line":89,"column":25},"end":{"line":89,"column":36}},{"start":{"line":90,"column":28},"end":{"line":95,"column":34}}],"line":89},"5":{"loc":{"start":{"line":93,"column":41},"end":{"line":93,"column":136}},"type":"binary-expr","locations":[{"start":{"line":93,"column":41},"end":{"line":93,"column":52}},{"start":{"line":93,"column":56},"end":{"line":93,"column":136}}],"line":93},"6":{"loc":{"start":{"line":114,"column":44},"end":{"line":121,"column":45}},"type":"if","locations":[{"start":{"line":114,"column":44},"end":{"line":121,"column":45}},{"start":{},"end":{}}],"line":114}},"s":{"0":0,"1":0,"2":0,"3":0,"4":0,"5":0,"6":0,"7":0,"8":0,"9":0,"10":0,"11":0,"12":0,"13":0},"f":{"0":0,"1":0,"2":0,"3":0,"4":0,"5":0},"b":{"0":[0,0],"1":[0,0],"2":[0,0],"3":[0,0],"4":[0,0],"5":[0,0],"6":[0,0]}}
,"/home/agala/Corso Informatica/ProgettoSWE/twitter-client/src/Components/TweetCard.js": {"path":"/home/agala/Corso Informatica/ProgettoSWE/twitter-client/src/Components/TweetCard.js","statementMap":{"0":{"start":{"line":4,"column":18},"end":{"line":98,"column":1}},"1":{"start":{"line":7,"column":4},"end":{"line":97,"column":6}}},"fnMap":{"0":{"name":"(anonymous_0)","decl":{"start":{"line":4,"column":18},"end":{"line":4,"column":19}},"loc":{"start":{"line":4,"column":33},"end":{"line":98,"column":1}},"line":4}},"branchMap":{"0":{"loc":{"start":{"line":9,"column":13},"end":{"line":95,"column":13}},"type":"binary-expr","locations":[{"start":{"line":9,"column":13},"end":{"line":9,"column":18}},{"start":{"line":10,"column":16},"end":{"line":94,"column":22}}],"line":9},"1":{"loc":{"start":{"line":17,"column":41},"end":{"line":17,"column":153}},"type":"binary-expr","locations":[{"start":{"line":17,"column":41},"end":{"line":17,"column":69}},{"start":{"line":17,"column":73},"end":{"line":17,"column":153}}],"line":17},"2":{"loc":{"start":{"line":37,"column":44},"end":{"line":37,"column":73}},"type":"cond-expr","locations":[{"start":{"line":37,"column":58},"end":{"line":37,"column":64}},{"start":{"line":37,"column":67},"end":{"line":37,"column":73}}],"line":37},"3":{"loc":{"start":{"line":52,"column":21},"end":{"line":57,"column":26}},"type":"binary-expr","locations":[{"start":{"line":52,"column":21},"end":{"line":52,"column":32}},{"start":{"line":52,"column":36},"end":{"line":57,"column":26}}],"line":52}},"s":{"0":0,"1":0},"f":{"0":0},"b":{"0":[0,0],"1":[0,0],"2":[0,0],"3":[0,0]}}
,"/home/agala/Corso Informatica/ProgettoSWE/twitter-client/src/Components/TweetList.js": {"path":"/home/agala/Corso Informatica/ProgettoSWE/twitter-client/src/Components/TweetList.js","statementMap":{"0":{"start":{"line":7,"column":25},"end":{"line":83,"column":1}},"1":{"start":{"line":10,"column":25},"end":{"line":10,"column":67}},"2":{"start":{"line":10,"column":48},"end":{"line":10,"column":66}},"3":{"start":{"line":13,"column":4},"end":{"line":82,"column":6}},"4":{"start":{"line":19,"column":28},"end":{"line":68,"column":30}}},"fnMap":{"0":{"name":"(anonymous_0)","decl":{"start":{"line":7,"column":25},"end":{"line":7,"column":26}},"loc":{"start":{"line":7,"column":44},"end":{"line":83,"column":1}},"line":7},"1":{"name":"(anonymous_1)","decl":{"start":{"line":10,"column":37},"end":{"line":10,"column":38}},"loc":{"start":{"line":10,"column":48},"end":{"line":10,"column":66}},"line":10},"2":{"name":"(anonymous_2)","decl":{"start":{"line":18,"column":38},"end":{"line":18,"column":39}},"loc":{"start":{"line":19,"column":28},"end":{"line":68,"column":30}},"line":19}},"branchMap":{"0":{"loc":{"start":{"line":15,"column":13},"end":{"line":80,"column":13}},"type":"cond-expr","locations":[{"start":{"line":16,"column":16},"end":{"line":71,"column":19}},{"start":{"line":73,"column":16},"end":{"line":79,"column":22}}],"line":15},"1":{"loc":{"start":{"line":25,"column":40},"end":{"line":35,"column":49}},"type":"cond-expr","locations":[{"start":{"line":26,"column":46},"end":{"line":31,"column":49}},{"start":{"line":32,"column":46},"end":{"line":35,"column":49}}],"line":25},"2":{"loc":{"start":{"line":38,"column":40},"end":{"line":40,"column":48}},"type":"cond-expr","locations":[{"start":{"line":39,"column":46},"end":{"line":39,"column":94}},{"start":{"line":40,"column":46},"end":{"line":40,"column":48}}],"line":38},"3":{"loc":{"start":{"line":44,"column":40},"end":{"line":47,"column":64}},"type":"cond-expr","locations":[{"start":{"line":45,"column":46},"end":{"line":45,"column":65}},{"start":{"line":46,"column":46},"end":{"line":47,"column":64}}],"line":44},"4":{"loc":{"start":{"line":49,"column":40},"end":{"line":52,"column":65}},"type":"cond-expr","locations":[{"start":{"line":50,"column":46},"end":{"line":50,"column":66}},{"start":{"line":51,"column":46},"end":{"line":52,"column":65}}],"line":49},"5":{"loc":{"start":{"line":55,"column":40},"end":{"line":57,"column":48}},"type":"cond-expr","locations":[{"start":{"line":56,"column":46},"end":{"line":56,"column":84}},{"start":{"line":57,"column":46},"end":{"line":57,"column":48}}],"line":55}},"s":{"0":0,"1":0,"2":0,"3":0,"4":0},"f":{"0":0,"1":0,"2":0},"b":{"0":[0,0],"1":[0,0],"2":[0,0],"3":[0,0],"4":[0,0],"5":[0,0]}}
[...]
0}},"line":30},"2":{"name":"(anonymous_2)","decl":{"start":{"line":41,"column":20},"end":{"line":41,"column":21}},"loc":{"start":{"line":41,"column":31},"end":{"line":41,"column":50}},"line":41},"3":{"name":"(anonymous_3)","decl":{"start":{"line":53,"column":14},"end":{"line":53,"column":15}},"loc":{"start":{"line":53,"column":20},"end":{"line":68,"column":5}},"line":53},"4":{"name":"(anonymous_4)","decl":{"start":{"line":55,"column":29},"end":{"line":55,"column":30}},"loc":{"start":{"line":55,"column":35},"end":{"line":60,"column":11}},"line":55},"5":{"name":"(anonymous_5)","decl":{"start":{"line":57,"column":32},"end":{"line":57,"column":33}},"loc":{"start":{"line":57,"column":40},"end":{"line":59,"column":13}},"line":57},"6":{"name":"(anonymous_6)","decl":{"start":{"line":61,"column":34},"end":{"line":61,"column":35}},"loc":{"start":{"line":61,"column":40},"end":{"line":64,"column":11}},"line":61},"7":{"name":"(anonymous_7)","decl":{"start":{"line":65,"column":15},"end":{"line":65,"column":16}},"loc":{"start":{"line":65,"column":21},"end":{"line":67,"column":9}},"line":65},"8":{"name":"(anonymous_8)","decl":{"start":{"line":70,"column":14},"end":{"line":70,"column":15}},"loc":{"start":{"line":70,"column":20},"end":{"line":76,"column":5}},"line":70},"9":{"name":"(anonymous_9)","decl":{"start":{"line":78,"column":28},"end":{"line":78,"column":29}},"loc":{"start":{"line":78,"column":45},"end":{"line":105,"column":5}},"line":78},"10":{"name":"(anonymous_10)","decl":{"start":{"line":107,"column":14},"end":{"line":107,"column":15}},"loc":{"start":{"line":107,"column":20},"end":{"line":126,"column":5}},"line":107},"11":{"name":"(anonymous_11)","decl":{"start":{"line":128,"column":14},"end":{"line":128,"column":15}},"loc":{"start":{"line":128,"column":20},"end":{"line":137,"column":5}},"line":128},"12":{"name":"(anonymous_12)","decl":{"start":{"line":129,"column":25},"end":{"line":129,"column":26}},"loc":{"start":{"line":129,"column":36},"end":{"line":136,"column":9}},"line":129},"13":{"name":"(anonymous_13)","decl":{"start":{"line":140,"column":14},"end":{"line":140,"column":15}},"loc":{"start":{"line":140,"column":20},"end":{"line":140,"column":38}},"line":140},"14":{"name":"(anonymous_14)","decl":{"start":{"line":142,"column":28},"end":{"line":142,"column":29}},"loc":{"start":{"line":142,"column":37},"end":{"line":142,"column":56}},"line":142},"15":{"name":"(anonymous_15)","decl":{"start":{"line":143,"column":31},"end":{"line":143,"column":32}},"loc":{"start":{"line":143,"column":43},"end":{"line":143,"column":60}},"line":143},"16":{"name":"(anonymous_16)","decl":{"start":{"line":243,"column":37},"end":{"line":243,"column":38}},"loc":{"start":{"line":243,"column":43},"end":{"line":243,"column":79}},"line":243},"17":{"name":"(anonymous_17)","decl":{"start":{"line":243,"column":55},"end":{"line":243,"column":56}},"loc":{"start":{"line":243,"column":69},"end":{"line":243,"column":78}},"line":243},"18":{"name":"(anonymous_18)","decl":{"start":{"line":271,"column":40},"end":{"line":271,"column":41}},"loc":{"start":{"line":272,"column":44},"end":{"line":377,"column":65}},"line":272},"19":{"name":"(anonymous_19)","decl":{"start":{"line":279,"column":57},"end":{"line":279,"column":58}},"loc":{"start":{"line":280,"column":56},"end":{"line":375,"column":65}},"line":280}},"branchMap":{"0":{"loc":{"start":{"line":71,"column":8},"end":{"line":73,"column":9}},"type":"if","locations":[{"start":{"line":71,"column":8},"end":{"line":73,"column":9}},{"start":{},"end":{}}],"line":71},"1":{"loc":{"start":{"line":71,"column":12},"end":{"line":71,"column":34}},"type":"binary-expr","locations":[{"start":{"line":71,"column":12},"end":{"line":71,"column":21}},{"start":{"line":71,"column":25},"end":{"line":71,"column":34}}],"line":71},"2":{"loc":{"start":{"line":79,"column":8},"end":{"line":104,"column":9}},"type":"if","locations":[{"start":{"line":79,"column":8},"end":{"line":104,"column":9}},{"start":{"line":81,"column":15},"end":{"line":104,"column":9}}],"line":79},"3":{"loc":{"start":{"line":85,"column":12},"end":{"line":91,"column":13}},"type":"if","locations":[{"start":{"line":85,"column":12},"end":{"line":91,"column":13}},{"start":{"line":87,"column":19},"end":{"line":91,"column":13}}],"line":85},"4":{"loc":{"start":{"line":87,"column":19},"end":{"line":91,"column":13}},"type":"if","locations":[{"start":{"line":87,"column":19},"end":{"line":91,"column":13}},{"start":{"line":89,"column":19},"end":{"line":91,"column":13}}],"line":87},"5":{"loc":{"start":{"line":93,"column":12},"end":{"line":95,"column":13}},"type":"if","locations":[{"start":{"line":93,"column":12},"end":{"line":95,"column":13}},{"start":{},"end":{}}],"line":93},"6":{"loc":{"start":{"line":113,"column":27},"end":{"line":113,"column":61}},"type":"cond-expr","locations":[{"start":{"line":113,"column":36},"end":{"line":113,"column":54}},{"start":{"line":113,"column":57},"end":{"line":113,"column":61}}],"line":113},"7":{"loc":{"start":{"line":114,"column":29},"end":{"line":114,"column":80}},"type":"cond-expr","locations":[{"start":{"line":114,"column":40},"end":{"line":114,"column":73}},{"start":{"line":114,"column":76},"end":{"line":114,"column":80}}],"line":114},"8":{"loc":{"start":{"line":130,"column":12},"end":{"line":135,"column":13}},"type":"if","locations":[{"start":{"line":130,"column":12},"end":{"line":135,"column":13}},{"start":{},"end":{}}],"line":130},"9":{"loc":{"start":{"line":156,"column":25},"end":{"line":197,"column":25}},"type":"binary-expr","locations":[{"start":{"line":156,"column":25},"end":{"line":156,"column":35}},{"start":{"line":157,"column":28},"end":{"line":196,"column":34}}],"line":156},"10":{"loc":{"start":{"line":190,"column":45},"end":{"line":190,"column":151}},"type":"binary-expr","locations":[{"start":{"line":190,"column":45},"end":{"line":190,"column":54}},{"start":{"line":190,"column":58},"end":{"line":190,"column":151}}],"line":190},"11":{"loc":{"start":{"line":201,"column":43},"end":{"line":203,"column":48}},"type":"cond-expr","locations":[{"start":{"line":202,"column":42},"end":{"line":202,"column":63}},{"start":{"line":203,"column":42},"end":{"line":203,"column":48}}],"line":201},"12":{"loc":{"start":{"line":209,"column":29},"end":{"line":233,"column":39}},"type":"cond-expr","locations":[{"start":{"line":210,"column":32},"end":{"line":210,"column":43}},{"start":{"line":211,"column":32},"end":{"line":233,"column":39}}],"line":209},"13":{"loc":{"start":{"line":211,"column":32},"end":{"line":233,"column":39}},"type":"cond-expr","locations":[{"start":{"line":212,"column":32},"end":{"line":216,"column":38}},{"start":{"line":217,"column":32},"end":{"line":233,"column":39}}],"line":211},"14":{"loc":{"start":{"line":217,"column":32},"end":{"line":233,"column":39}},"type":"cond-expr","locations":[{"start":{"line":218,"column":32},"end":{"line":224,"column":38}},{"start":{"line":225,"column":32},"end":{"line":233,"column":39}}],"line":217},"15":{"loc":{"start":{"line":222,"column":47},"end":{"line":222,"column":82}},"type":"binary-expr","locations":[{"start":{"line":222,"column":47},"end":{"line":222,"column":66}},{"start":{"line":222,"column":70},"end":{"line":222,"column":82}}],"line":222},"16":{"loc":{"start":{"line":225,"column":32},"end":{"line":233,"column":39}},"type":"cond-expr","locations":[{"start":{"line":226,"column":32},"end":{"line":229,"column":38}},{"start":{"line":230,"column":33},"end":{"line":233,"column":38}}],"line":225},"17":{"loc":{"start":{"line":238,"column":38},"end":{"line":238,"column":89}},"type":"cond-expr","locations":[{"start":{"line":238,"column":65},"end":{"line":238,"column":80}},{"start":{"line":238,"column":83},"end":{"line":238,"column":89}}],"line":238},"18":{"loc":{"start":{"line":238,"column":38},"end":{"line":238,"column":62}},"type":"binary-expr","locations":[{"start":{"line":238,"column":38},"end":{"line":238,"column":46}},{"start":{"line":238,"column":50},"end":{"line":238,"column":62}}],"line":238},"19":{"loc":{"start":{"line":244,"column":90},"end":{"line":244,"column":125}},"type":"cond-expr","locations":[{"start":{"line":244,"column":101},"end":{"line":244,"column":112}},{"start":{"line":244,"column":115},"end":{"line":244,"column":125}}],"line":244},"20":{"loc":{"start":{"line":246,"column":29},"end":{"line":246,"column":60}},"type":"cond-expr","locations":[{"start":{"line":246,"column":40},"end":{"line":246,"column":48}},{"start":{"line":246,"column":51},"end":{"line":246,"column":60}}],"line":246},"21":{"loc":{"start":{"line":264,"column":29},"end":{"line":266,"column":29}},"type":"binary-expr","locations":[{"start":{"line":264,"column":29},"end":{"line":264,"column":35}},{"start":{"line":265,"column":32},"end":{"line":265,"column":76}}],"line":264},"22":{"loc":{"start":{"line":268,"column":29},"end":{"line":381,"column":29}},"type":"binary-expr","locations":[{"start":{"line":268,"column":29},"end":{"line":268,"column":40}},{"start":{"line":269,"column":32},"end":{"line":380,"column":35}}],"line":268},"23":{"loc":{"start":{"line":293,"column":84},"end":{"line":305,"column":164}},"type":"binary-expr","locations":[{"start":{"line":293,"column":84},"end":{"line":304,"column":106}},{"start":{"line":305,"column":84},"end":{"line":305,"column":164}}],"line":293}},"s":{"0":0,"1":0,"2":0,"3":0,"4":0,"5":0,"6":0,"7":0,"8":0,"9":0,"10":0,"11":0,"12":0,"13":0,"14":0,"15":0,"16":0,"17":0,"18":0,"19":0,"20":0,"21":0,"22":0,"23":0,"24":0,"25":0,"26":0,"27":0,"28":0,"29":0,"30":0,"31":0,"32":0,"33":0,"34":0,"35":0,"36":0,"37":0,"38":0,"39":0,"40":0,"41":0,"42":0,"43":0,"44":0,"45":0,"46":0,"47":0,"48":0,"49":0,"50":0,"51":0,"52":0,"53":0,"54":0,"55":0,"56":0,"57":0,"58":0,"59":0,"60":0,"61":0,"62":0,"63":0},"f":{"0":0,"1":0,"2":0,"3":0,"4":0,"5":0,"6":0,"7":0,"8":0,"9":0,"10":0,"11":0,"12":0,"13":0,"14":0,"15":0,"16":0,"17":0,"18":0,"19":0},"b":{"0":[0,0],"1":[0,0],"2":[0,0],"3":[0,0],"4":[0,0],"5":[0,0],"6":[0,0],"7":[0,0],"8":[0,0],"9":[0,0],"10":[0,0],"11":[0,0],"12":[0,0],"13":[0,0],"14":[0,0],"15":[0,0],"16":[0,0],"17":[0,0],"18":[0,0],"19":[0,0],"20":[0,0],"21":[0,0],"22":[0,0],"23":[0,0]}}
,"/home/agala/Corso Informatica/ProgettoSWE/twitter-client/src/Reducers/filterReducer.js": {"path":"/home/agala/Corso Informatica/ProgettoSWE/twitter-client/src/Reducers/filterReducer.js","statementMap":{"0":{"start":{"line":13,"column":20},"end":{"line":27,"column":1}},"1":{"start":{"line":30,"column":4},"end":{"line":84,"column":5}},"2":{"start":{"line":32,"column":12},"end":{"line":35,"column":14}},"3":{"start":{"line":38,"column":12},"end":{"line":41,"column":14}},"4":{"start":{"line":44,"column":12},"end":{"line":47,"column":14}},"5":{"start":{"line":50,"column":12},"end":{"line":53,"column":14}},"6":{"start":{"line":56,"column":12},"end":{"line":59,"column":14}},"7":{"start":{"line":62,"column":12},"end":{"line":65,"column":14}},"8":{"start":{"line":67,"column":12},"end":{"line":70,"column":13}},"9":{"start":{"line":72,"column":12},"end":{"line":76,"column":13}},"10":{"start":{"line":78,"column":12},"end":{"line":81,"column":13}},"11":{"start":{"line":83,"column":12},"end":{"line":83,"column":25}}},"fnMap":{"0":{"name":"filterReducer","decl":{"start":{"line":29,"column":24},"end":{"line":29,"column":37}},"loc":{"start":{"line":29,"column":67},"end":{"line":85,"column":1}},"line":29}},"branchMap":{"0":{"loc":{"start":{"line":29,"column":38},"end":{"line":29,"column":57}},"type":"default-arg","locations":[{"start":{"line":29,"column":46},"end":{"line":29,"column":57}}],"line":29},"1":{"loc":{"start":{"line":30,"column":4},"end":{"line":84,"column":5}},"type":"switch","locations":[{"start":{"line":31,"column":8},"end":{"line":35,"column":14}},{"start":{"line":37,"column":8},"end":{"line":41,"column":14}},{"start":{"line":43,"column":8},"end":{"line":47,"column":14}},{"start":{"line":49,"column":8},"end":{"line":53,"column":14}},{"start":{"line":55,"column":8},"end":{"line":59,"column":14}},{"start":{"line":61,"column":8},"end":{"line":65,"column":14}},{"start":{"line":66,"column":8},"end":{"line":70,"column":13}},{"start":{"line":71,"column":8},"end":{"line":76,"column":13}},{"start":{"line":77,"column":8},"end":{"line":81,"column":13}},{"start":{"line":82,"column":8},"end":{"line":83,"column":25}}],"line":30}},"s":{"0":0,"1":0,"2":0,"3":0,"4":0,"5":0,"6":0,"7":0,"8":0,"9":0,"10":0,"11":0},"f":{"0":0},"b":{"0":[0],"1":[0,0,0,0,0,0,0,0,0,0]}}
,"/home/agala/Corso Informatica/ProgettoSWE/twitter-client/src/Reducers/index.js": {"path":"/home/agala/Corso Informatica/ProgettoSWE/twitter-client/src/Reducers/index.js","statementMap":{},"fnMap":{},"branchMap":{},"s":{},"f":{},"b":{}}
,"/home/agala/Corso Informatica/ProgettoSWE/twitter-client/src/Reducers/streamReducer.js": {"path":"/home/agala/Corso Informatica/ProgettoSWE/twitter-client/src/Reducers/streamReducer.js","statementMap":{"0":{"start":{"line":3,"column":20},"end":{"line":5,"column":1}},"1":{"start":{"line":8,"column":4},"end":{"line":21,"column":5}},"2":{"start":{"line":10,"column":12},"end":{"line":13,"column":13}},"3":{"start":{"line":15,"column":12},"end":{"line":18,"column":13}},"4":{"start":{"line":20,"column":12},"end":{"line":20,"column":25}}},"fnMap":{"0":{"name":"userReducer","decl":{"start":{"line":7,"column":24},"end":{"line":7,"column":35}},"loc":{"start":{"line":7,"column":65},"end":{"line":22,"column":1}},"line":7}},"branchMap":{"0":{"loc":{"start":{"line":7,"column":36},"end":{"line":7,"column":55}},"type":"default-arg","locations":[{"start":{"line":7,"column":44},"end":{"line":7,"column":55}}],"line":7},"1":{"loc":{"start":{"line":8,"column":4},"end":{"line":21,"column":5}},"type":"switch","locations":[{"start":{"line":9,"column":8},"end":{"line":13,"column":13}},{"start":{"line":14,"column":8},"end":{"line":18,"column":13}},{"start":{"line":19,"column":8},"end":{"line":20,"column":25}}],"line":8},"2":{"loc":{"start":{"line":12,"column":36},"end":{"line":12,"column":263}},"type":"cond-expr","locations":[{"start":{"line":12,"column":75},"end":{"line":12,"column":125}},{"start":{"line":12,"column":128},"end":{"line":12,"column":263}}],"line":12}},"s":{"0":0,"1":0,"2":0,"3":0,"4":0},"f":{"0":0},"b":{"0":[0],"1":[0,0,0],"2":[0,0]}}
,"/home/agala/Corso Informatica/ProgettoSWE/twitter-client/src/Reducers/tweetReducer.js": {"path":"/home/agala/Corso Informatica/ProgettoSWE/twitter-client/src/Reducers/tweetReducer.js","statementMap":{"0":{"start":{"line":3,"column":20},"end":{"line":10,"column":1}},"1":{"start":{"line":13,"column":4},"end":{"line":42,"column":5}},"2":{"start":{"line":15,"column":12},"end":{"line":23,"column":14}},"3":{"start":{"line":25,"column":12},"end":{"line":28,"column":13}},"4":{"start":{"line":30,"column":12},"end":{"line":39,"column":13}},"5":{"start":{"line":41,"column":12},"end":{"line":41,"column":25}}},"fnMap":{"0":{"name":"userReducer","decl":{"start":{"line":12,"column":24},"end":{"line":12,"column":35}},"loc":{"start":{"line":12,"column":65},"end":{"line":43,"column":1}},"line":12}},"branchMap":{"0":{"loc":{"start":{"line":12,"column":36},"end":{"line":12,"column":55}},"type":"default-arg","locations":[{"start":{"line":12,"column":44},"end":{"line":12,"column":55}}],"line":12},"1":{"loc":{"start":{"line":13,"column":4},"end":{"line":42,"column":5}},"type":"switch","locations":[{"start":{"line":14,"column":8},"end":{"line":23,"column":14}},{"start":{"line":24,"column":8},"end":{"line":28,"column":13}},{"start":{"line":29,"column":8},"end":{"line":39,"column":13}},{"start":{"line":40,"column":8},"end":{"line":41,"column":25}}],"line":13}},"s":{"0":0,"1":0,"2":0,"3":0,"4":0,"5":0},"f":{"0":0},"b":{"0":[0],"1":[0,0,0,0]}}
,"/home/agala/Corso Informatica/ProgettoSWE/twitter-client/src/Reducers/userReducer.js": {"path":"/home/agala/Corso Informatica/ProgettoSWE/twitter-client/src/Reducers/userReducer.js","statementMap":{"0":{"start":{"line":3,"column":20},"end":{"line":5,"column":1}},"1":{"start":{"line":8,"column":4},"end":{"line":16,"column":5}},"2":{"start":{"line":10,"column":12},"end":{"line":13,"column":14}},"3":{"start":{"line":15,"column":12},"end":{"line":15,"column":25}}},"fnMap":{"0":{"name":"userReducer","decl":{"start":{"line":7,"column":24},"end":{"line":7,"column":35}},"loc":{"start":{"line":7,"column":65},"end":{"line":17,"column":1}},"line":7}},"branchMap":{"0":{"loc":{"start":{"line":7,"column":36},"end":{"line":7,"column":55}},"type":"default-arg","locations":[{"start":{"line":7,"column":44},"end":{"line":7,"column":55}}],"line":7},"1":{"loc":{"start":{"line":8,"column":4},"end":{"line":16,"column":5}},"type":"switch","locations":[{"start":{"line":9,"column":8},"end":{"line":13,"column":14}},{"start":{"line":14,"column":8},"end":{"line":15,"column":25}}],"line":8}},"s":{"0":0,"1":0,"2":0,"3":0},"f":{"0":0},"b":{"0":[0],"1":[0,0]}}
,"/home/agala/Corso Informatica/ProgettoSWE/twitter-client/src/Utils/Filters.js": {"path":"/home/agala/Corso Informatica/ProgettoSWE/twitter-client/src/Utils/Filters.js","statementMap":{"0":{"start":{"line":1,"column":23},"end":{"line":1,"column":75}}},"fnMap":{},"branchMap":{},"s":{"0":0},"f":{},"b":{}}
,"/home/agala/Corso Informatica/ProgettoSWE/twitter-client/src/Utils/ScrollToTop.js": {"path":"/home/agala/Corso Informatica/ProgettoSWE/twitter-client/src/Utils/ScrollToTop.js","statementMap":{"0":{"start":{"line":5,"column":2},"end":{"line":12,"column":16}},"1":{"start":{"line":6,"column":21},"end":{"line":8,"column":6}},"2":{"start":{"line":7,"column":6},"end":{"line":7,"column":28}},"3":{"start":{"line":9,"column":4},"end":{"line":11,"column":5}},"4":{"start":{"line":10,"column":6},"end":{"line":10,"column":17}},"5":{"start":{"line":14,"column":2},"end":{"line":14,"column":16}}},"fnMap":{"0":{"name":"ScrollToTop","decl":{"start":{"line":4,"column":9},"end":{"line":4,"column":20}},"loc":{"start":{"line":4,"column":34},"end":{"line":15,"column":1}},"line":4},"1":{"name":"(anonymous_1)","decl":{"start":{"line":5,"column":12},"end":{"line":5,"column":13}},"loc":{"start":{"line":5,"column":18},"end":{"line":12,"column":3}},"line":5},"2":{"name":"(anonymous_2)","decl":{"start":{"line":6,"column":36},"end":{"line":6,"column":37}},"loc":{"start":{"line":6,"column":42},"end":{"line":8,"column":5}},"line":6},"3":{"name":"(anonymous_3)","decl":{"start":{"line":9,"column":11},"end":{"line":9,"column":12}},"loc":{"start":{"line":9,"column":17},"end":{"line":11,"column":5}},"line":9}},"branchMap":{},"s":{"0":0,"1":0,"2":0,"3":0,"4":0,"5":0},"f":{"0":0,"1":0,"2":0,"3":0},"b":{}}
,"/home/agala/Corso Informatica/ProgettoSWE/twitter-client/src/Utils/windowSize.js": {"path":"/home/agala/Corso Informatica/ProgettoSWE/twitter-client/src/Utils/windowSize.js","statementMap":{"0":{"start":{"line":5,"column":26},"end":{"line":5,"column":42}},"1":{"start":{"line":6,"column":2},"end":{"line":13,"column":9}},"2":{"start":{"line":8,"column":6},"end":{"line":8,"column":55}},"3":{"start":{"line":10,"column":4},"end":{"line":10,"column":50}},"4":{"start":{"line":11,"column":4},"end":{"line":11,"column":17}},"5":{"start":{"line":12,"column":4},"end":{"line":12,"column":66}},"6":{"start":{"line":12,"column":17},"end":{"line":12,"column":65}},"7":{"start":{"line":14,"column":2},"end":{"line":14,"column":14}}},"fnMap":{"0":{"name":"useWindowSize","decl":{"start":{"line":4,"column":24},"end":{"line":4,"column":37}},"loc":{"start":{"line":4,"column":40},"end":{"line":15,"column":1}},"line":4},"1":{"name":"(anonymous_1)","decl":{"start":{"line":6,"column":18},"end":{"line":6,"column":19}},"loc":{"start":{"line":6,"column":24},"end":{"line":13,"column":3}},"line":6},"2":{"name":"updateSize","decl":{"start":{"line":7,"column":13},"end":{"line":7,"column":23}},"loc":{"start":{"line":7,"column":26},"end":{"line":9,"column":5}},"line":7},"3":{"name":"(anonymous_3)","decl":{"start":{"line":12,"column":11},"end":{"line":12,"column":12}},"loc":{"start":{"line":12,"column":17},"end":{"line":12,"column":65}},"line":12}},"branchMap":{},"s":{"0":0,"1":0,"2":0,"3":0,"4":0,"5":0,"6":0,"7":0},"f":{"0":0,"1":0,"2":0,"3":0},"b":{}}
}
